[2026-01-05T21:41:14.668+0000] {taskinstance.py:1956} INFO - Dependencies all met for dep_context=non-requeueable deps ti=<TaskInstance: stock_trading_etl_pipeline.gold_layer manual__2026-01-05T21:36:23.790682+00:00 [queued]>
[2026-01-05T21:41:14.676+0000] {taskinstance.py:1956} INFO - Dependencies all met for dep_context=requeueable deps ti=<TaskInstance: stock_trading_etl_pipeline.gold_layer manual__2026-01-05T21:36:23.790682+00:00 [queued]>
[2026-01-05T21:41:14.677+0000] {taskinstance.py:2170} INFO - Starting attempt 1 of 2
[2026-01-05T21:41:14.692+0000] {taskinstance.py:2191} INFO - Executing <Task(DatabricksRunNowOperator): gold_layer> on 2026-01-05 21:36:23.790682+00:00
[2026-01-05T21:41:14.697+0000] {standard_task_runner.py:60} INFO - Started process 216 to run task
[2026-01-05T21:41:14.700+0000] {standard_task_runner.py:87} INFO - Running: ['***', 'tasks', 'run', 'stock_trading_etl_pipeline', 'gold_layer', 'manual__2026-01-05T21:36:23.790682+00:00', '--job-id', '8', '--raw', '--subdir', 'DAGS_FOLDER/stock_trading_etl_pipeline.py', '--cfg-path', '/tmp/tmpg4s9xqdl']
[2026-01-05T21:41:14.702+0000] {standard_task_runner.py:88} INFO - Job 8: Subtask gold_layer
[2026-01-05T21:41:14.767+0000] {task_command.py:423} INFO - Running <TaskInstance: stock_trading_etl_pipeline.gold_layer manual__2026-01-05T21:36:23.790682+00:00 [running]> on host c0c900311e4b
[2026-01-05T21:41:14.846+0000] {taskinstance.py:2480} INFO - Exporting env vars: AIRFLOW_CTX_DAG_OWNER='***' AIRFLOW_CTX_DAG_ID='stock_trading_etl_pipeline' AIRFLOW_CTX_TASK_ID='gold_layer' AIRFLOW_CTX_EXECUTION_DATE='2026-01-05T21:36:23.790682+00:00' AIRFLOW_CTX_TRY_NUMBER='1' AIRFLOW_CTX_DAG_RUN_ID='manual__2026-01-05T21:36:23.790682+00:00'
[2026-01-05T21:41:14.856+0000] {base.py:83} INFO - Using connection ID 'databricks_default' for task execution.
[2026-01-05T21:41:14.858+0000] {databricks_base.py:461} INFO - Using token auth. For security reasons, please set token in Password field instead of extra
[2026-01-05T21:41:16.228+0000] {databricks.py:66} INFO - Run submitted with run_id: 1017394401016499
[2026-01-05T21:41:16.229+0000] {databricks_base.py:461} INFO - Using token auth. For security reasons, please set token in Password field instead of extra
[2026-01-05T21:41:17.381+0000] {databricks_base.py:461} INFO - Using token auth. For security reasons, please set token in Password field instead of extra
[2026-01-05T21:41:18.557+0000] {databricks.py:128} INFO - gold_layer in run state: {'life_cycle_state': 'QUEUED', 'result_state': '', 'state_message': ''}
[2026-01-05T21:41:18.560+0000] {databricks.py:129} INFO - View run status, Spark UI, and logs at https://dbc-10aef91b-b57e.cloud.databricks.com/?o=1513158629236595#job/314206834450668/run/1017394401016499
[2026-01-05T21:41:18.561+0000] {databricks.py:130} INFO - Sleeping for 30 seconds.
[2026-01-05T21:41:48.590+0000] {databricks_base.py:461} INFO - Using token auth. For security reasons, please set token in Password field instead of extra
[2026-01-05T21:41:49.746+0000] {databricks.py:128} INFO - gold_layer in run state: {'life_cycle_state': 'RUNNING', 'result_state': '', 'state_message': ''}
[2026-01-05T21:41:49.747+0000] {databricks.py:129} INFO - View run status, Spark UI, and logs at https://dbc-10aef91b-b57e.cloud.databricks.com/?o=1513158629236595#job/314206834450668/run/1017394401016499
[2026-01-05T21:41:49.747+0000] {databricks.py:130} INFO - Sleeping for 30 seconds.
[2026-01-05T21:42:19.775+0000] {databricks_base.py:461} INFO - Using token auth. For security reasons, please set token in Password field instead of extra
[2026-01-05T21:42:20.974+0000] {databricks.py:128} INFO - gold_layer in run state: {'life_cycle_state': 'RUNNING', 'result_state': '', 'state_message': ''}
[2026-01-05T21:42:20.976+0000] {databricks.py:129} INFO - View run status, Spark UI, and logs at https://dbc-10aef91b-b57e.cloud.databricks.com/?o=1513158629236595#job/314206834450668/run/1017394401016499
[2026-01-05T21:42:20.976+0000] {databricks.py:130} INFO - Sleeping for 30 seconds.
[2026-01-05T21:42:51.004+0000] {databricks_base.py:461} INFO - Using token auth. For security reasons, please set token in Password field instead of extra
[2026-01-05T21:42:52.120+0000] {databricks.py:128} INFO - gold_layer in run state: {'life_cycle_state': 'RUNNING', 'result_state': '', 'state_message': ''}
[2026-01-05T21:42:52.122+0000] {databricks.py:129} INFO - View run status, Spark UI, and logs at https://dbc-10aef91b-b57e.cloud.databricks.com/?o=1513158629236595#job/314206834450668/run/1017394401016499
[2026-01-05T21:42:52.123+0000] {databricks.py:130} INFO - Sleeping for 30 seconds.
[2026-01-05T21:43:22.152+0000] {databricks_base.py:461} INFO - Using token auth. For security reasons, please set token in Password field instead of extra
[2026-01-05T21:43:23.203+0000] {databricks.py:77} INFO - gold_layer completed successfully.
[2026-01-05T21:43:23.204+0000] {databricks.py:78} INFO - View run status, Spark UI, and logs at https://dbc-10aef91b-b57e.cloud.databricks.com/?o=1513158629236595#job/314206834450668/run/1017394401016499
[2026-01-05T21:43:23.214+0000] {taskinstance.py:1138} INFO - Marking task as SUCCESS. dag_id=stock_trading_etl_pipeline, task_id=gold_layer, execution_date=20260105T213623, start_date=20260105T214114, end_date=20260105T214323
[2026-01-05T21:43:23.269+0000] {local_task_job_runner.py:234} INFO - Task exited with return code 0
[2026-01-05T21:43:23.286+0000] {taskinstance.py:3280} INFO - 0 downstream tasks scheduled from follow-on schedule check
