[2026-01-06T15:54:18.549+0000] {taskinstance.py:1956} INFO - Dependencies all met for dep_context=non-requeueable deps ti=<TaskInstance: stock_trading_etl_pipeline.run_stock_trading_etl_job scheduled__2026-01-05T00:00:00+00:00 [queued]>
[2026-01-06T15:54:18.558+0000] {taskinstance.py:1956} INFO - Dependencies all met for dep_context=requeueable deps ti=<TaskInstance: stock_trading_etl_pipeline.run_stock_trading_etl_job scheduled__2026-01-05T00:00:00+00:00 [queued]>
[2026-01-06T15:54:18.559+0000] {taskinstance.py:2170} INFO - Starting attempt 3 of 4
[2026-01-06T15:54:18.575+0000] {taskinstance.py:2191} INFO - Executing <Task(DatabricksRunNowOperator): run_stock_trading_etl_job> on 2026-01-05 00:00:00+00:00
[2026-01-06T15:54:18.581+0000] {standard_task_runner.py:60} INFO - Started process 186 to run task
[2026-01-06T15:54:18.584+0000] {standard_task_runner.py:87} INFO - Running: ['***', 'tasks', 'run', 'stock_trading_etl_pipeline', 'run_stock_trading_etl_job', 'scheduled__2026-01-05T00:00:00+00:00', '--job-id', '7', '--raw', '--subdir', 'DAGS_FOLDER/stock_trading_etl_pipeline.py', '--cfg-path', '/tmp/tmpg23q7ox0']
[2026-01-06T15:54:18.587+0000] {standard_task_runner.py:88} INFO - Job 7: Subtask run_stock_trading_etl_job
[2026-01-06T15:54:18.671+0000] {task_command.py:423} INFO - Running <TaskInstance: stock_trading_etl_pipeline.run_stock_trading_etl_job scheduled__2026-01-05T00:00:00+00:00 [running]> on host f1e6bfda9dae
[2026-01-06T15:54:18.757+0000] {taskinstance.py:2480} INFO - Exporting env vars: AIRFLOW_CTX_DAG_OWNER='***' AIRFLOW_CTX_DAG_ID='stock_trading_etl_pipeline' AIRFLOW_CTX_TASK_ID='run_stock_trading_etl_job' AIRFLOW_CTX_EXECUTION_DATE='2026-01-05T00:00:00+00:00' AIRFLOW_CTX_TRY_NUMBER='3' AIRFLOW_CTX_DAG_RUN_ID='scheduled__2026-01-05T00:00:00+00:00'
[2026-01-06T15:54:18.769+0000] {base.py:83} INFO - Using connection ID 'databricks_default' for task execution.
[2026-01-06T15:54:18.772+0000] {databricks_base.py:461} INFO - Using token auth. For security reasons, please set token in Password field instead of extra
[2026-01-06T15:54:20.555+0000] {databricks.py:66} INFO - Run submitted with run_id: 928177465384792
[2026-01-06T15:54:20.556+0000] {databricks_base.py:461} INFO - Using token auth. For security reasons, please set token in Password field instead of extra
[2026-01-06T15:54:21.817+0000] {databricks_base.py:461} INFO - Using token auth. For security reasons, please set token in Password field instead of extra
[2026-01-06T15:54:23.122+0000] {databricks.py:128} INFO - run_stock_trading_etl_job in run state: {'life_cycle_state': 'RUNNING', 'result_state': '', 'state_message': ''}
[2026-01-06T15:54:23.124+0000] {databricks.py:129} INFO - View run status, Spark UI, and logs at https://dbc-10aef91b-b57e.cloud.databricks.com/?o=1513158629236595#job/307842103734326/run/928177465384792
[2026-01-06T15:54:23.125+0000] {databricks.py:130} INFO - Sleeping for 30 seconds.
[2026-01-06T15:54:53.148+0000] {databricks_base.py:461} INFO - Using token auth. For security reasons, please set token in Password field instead of extra
[2026-01-06T15:54:54.308+0000] {databricks.py:128} INFO - run_stock_trading_etl_job in run state: {'life_cycle_state': 'RUNNING', 'result_state': '', 'state_message': ''}
[2026-01-06T15:54:54.310+0000] {databricks.py:129} INFO - View run status, Spark UI, and logs at https://dbc-10aef91b-b57e.cloud.databricks.com/?o=1513158629236595#job/307842103734326/run/928177465384792
[2026-01-06T15:54:54.312+0000] {databricks.py:130} INFO - Sleeping for 30 seconds.
[2026-01-06T15:55:24.342+0000] {databricks_base.py:461} INFO - Using token auth. For security reasons, please set token in Password field instead of extra
[2026-01-06T15:55:25.627+0000] {databricks.py:128} INFO - run_stock_trading_etl_job in run state: {'life_cycle_state': 'RUNNING', 'result_state': '', 'state_message': ''}
[2026-01-06T15:55:25.629+0000] {databricks.py:129} INFO - View run status, Spark UI, and logs at https://dbc-10aef91b-b57e.cloud.databricks.com/?o=1513158629236595#job/307842103734326/run/928177465384792
[2026-01-06T15:55:25.630+0000] {databricks.py:130} INFO - Sleeping for 30 seconds.
[2026-01-06T15:55:55.659+0000] {databricks_base.py:461} INFO - Using token auth. For security reasons, please set token in Password field instead of extra
[2026-01-06T15:55:56.874+0000] {databricks.py:128} INFO - run_stock_trading_etl_job in run state: {'life_cycle_state': 'RUNNING', 'result_state': '', 'state_message': ''}
[2026-01-06T15:55:56.875+0000] {databricks.py:129} INFO - View run status, Spark UI, and logs at https://dbc-10aef91b-b57e.cloud.databricks.com/?o=1513158629236595#job/307842103734326/run/928177465384792
[2026-01-06T15:55:56.876+0000] {databricks.py:130} INFO - Sleeping for 30 seconds.
[2026-01-06T15:56:26.904+0000] {databricks_base.py:461} INFO - Using token auth. For security reasons, please set token in Password field instead of extra
[2026-01-06T15:56:28.226+0000] {databricks.py:128} INFO - run_stock_trading_etl_job in run state: {'life_cycle_state': 'RUNNING', 'result_state': '', 'state_message': ''}
[2026-01-06T15:56:28.232+0000] {databricks.py:129} INFO - View run status, Spark UI, and logs at https://dbc-10aef91b-b57e.cloud.databricks.com/?o=1513158629236595#job/307842103734326/run/928177465384792
[2026-01-06T15:56:28.238+0000] {databricks.py:130} INFO - Sleeping for 30 seconds.
[2026-01-06T15:56:58.270+0000] {databricks_base.py:461} INFO - Using token auth. For security reasons, please set token in Password field instead of extra
[2026-01-06T15:56:59.392+0000] {databricks.py:128} INFO - run_stock_trading_etl_job in run state: {'life_cycle_state': 'RUNNING', 'result_state': '', 'state_message': ''}
[2026-01-06T15:56:59.394+0000] {databricks.py:129} INFO - View run status, Spark UI, and logs at https://dbc-10aef91b-b57e.cloud.databricks.com/?o=1513158629236595#job/307842103734326/run/928177465384792
[2026-01-06T15:56:59.395+0000] {databricks.py:130} INFO - Sleeping for 30 seconds.
[2026-01-06T15:57:29.424+0000] {databricks_base.py:461} INFO - Using token auth. For security reasons, please set token in Password field instead of extra
[2026-01-06T15:57:30.589+0000] {databricks.py:128} INFO - run_stock_trading_etl_job in run state: {'life_cycle_state': 'RUNNING', 'result_state': '', 'state_message': ''}
[2026-01-06T15:57:30.591+0000] {databricks.py:129} INFO - View run status, Spark UI, and logs at https://dbc-10aef91b-b57e.cloud.databricks.com/?o=1513158629236595#job/307842103734326/run/928177465384792
[2026-01-06T15:57:30.591+0000] {databricks.py:130} INFO - Sleeping for 30 seconds.
[2026-01-06T15:58:00.621+0000] {databricks_base.py:461} INFO - Using token auth. For security reasons, please set token in Password field instead of extra
[2026-01-06T15:58:01.785+0000] {databricks.py:128} INFO - run_stock_trading_etl_job in run state: {'life_cycle_state': 'RUNNING', 'result_state': '', 'state_message': ''}
[2026-01-06T15:58:01.787+0000] {databricks.py:129} INFO - View run status, Spark UI, and logs at https://dbc-10aef91b-b57e.cloud.databricks.com/?o=1513158629236595#job/307842103734326/run/928177465384792
[2026-01-06T15:58:01.788+0000] {databricks.py:130} INFO - Sleeping for 30 seconds.
[2026-01-06T15:58:31.790+0000] {databricks_base.py:461} INFO - Using token auth. For security reasons, please set token in Password field instead of extra
[2026-01-06T15:58:32.925+0000] {databricks.py:128} INFO - run_stock_trading_etl_job in run state: {'life_cycle_state': 'RUNNING', 'result_state': '', 'state_message': ''}
[2026-01-06T15:58:32.926+0000] {databricks.py:129} INFO - View run status, Spark UI, and logs at https://dbc-10aef91b-b57e.cloud.databricks.com/?o=1513158629236595#job/307842103734326/run/928177465384792
[2026-01-06T15:58:32.926+0000] {databricks.py:130} INFO - Sleeping for 30 seconds.
[2026-01-06T15:59:02.961+0000] {databricks_base.py:461} INFO - Using token auth. For security reasons, please set token in Password field instead of extra
[2026-01-06T15:59:04.174+0000] {databricks.py:77} INFO - run_stock_trading_etl_job completed successfully.
[2026-01-06T15:59:04.175+0000] {databricks.py:78} INFO - View run status, Spark UI, and logs at https://dbc-10aef91b-b57e.cloud.databricks.com/?o=1513158629236595#job/307842103734326/run/928177465384792
[2026-01-06T15:59:04.186+0000] {taskinstance.py:1138} INFO - Marking task as SUCCESS. dag_id=stock_trading_etl_pipeline, task_id=run_stock_trading_etl_job, execution_date=20260105T000000, start_date=20260106T155418, end_date=20260106T155904
[2026-01-06T15:59:04.215+0000] {local_task_job_runner.py:234} INFO - Task exited with return code 0
[2026-01-06T15:59:04.229+0000] {taskinstance.py:3280} INFO - 0 downstream tasks scheduled from follow-on schedule check
