[2026-01-06T15:54:24.553+0000] {taskinstance.py:1956} INFO - Dependencies all met for dep_context=non-requeueable deps ti=<TaskInstance: stock_trading_etl_pipeline.run_stock_trading_etl_job manual__2026-01-06T15:45:33.286586+00:00 [queued]>
[2026-01-06T15:54:24.561+0000] {taskinstance.py:1956} INFO - Dependencies all met for dep_context=requeueable deps ti=<TaskInstance: stock_trading_etl_pipeline.run_stock_trading_etl_job manual__2026-01-06T15:45:33.286586+00:00 [queued]>
[2026-01-06T15:54:24.562+0000] {taskinstance.py:2170} INFO - Starting attempt 3 of 4
[2026-01-06T15:54:24.575+0000] {taskinstance.py:2191} INFO - Executing <Task(DatabricksRunNowOperator): run_stock_trading_etl_job> on 2026-01-06 15:45:33.286586+00:00
[2026-01-06T15:54:24.580+0000] {standard_task_runner.py:60} INFO - Started process 188 to run task
[2026-01-06T15:54:24.583+0000] {standard_task_runner.py:87} INFO - Running: ['***', 'tasks', 'run', 'stock_trading_etl_pipeline', 'run_stock_trading_etl_job', 'manual__2026-01-06T15:45:33.286586+00:00', '--job-id', '8', '--raw', '--subdir', 'DAGS_FOLDER/stock_trading_etl_pipeline.py', '--cfg-path', '/tmp/tmp2opnv80j']
[2026-01-06T15:54:24.586+0000] {standard_task_runner.py:88} INFO - Job 8: Subtask run_stock_trading_etl_job
[2026-01-06T15:54:24.663+0000] {task_command.py:423} INFO - Running <TaskInstance: stock_trading_etl_pipeline.run_stock_trading_etl_job manual__2026-01-06T15:45:33.286586+00:00 [running]> on host f1e6bfda9dae
[2026-01-06T15:54:24.750+0000] {taskinstance.py:2480} INFO - Exporting env vars: AIRFLOW_CTX_DAG_OWNER='***' AIRFLOW_CTX_DAG_ID='stock_trading_etl_pipeline' AIRFLOW_CTX_TASK_ID='run_stock_trading_etl_job' AIRFLOW_CTX_EXECUTION_DATE='2026-01-06T15:45:33.286586+00:00' AIRFLOW_CTX_TRY_NUMBER='3' AIRFLOW_CTX_DAG_RUN_ID='manual__2026-01-06T15:45:33.286586+00:00'
[2026-01-06T15:54:24.763+0000] {base.py:83} INFO - Using connection ID 'databricks_default' for task execution.
[2026-01-06T15:54:24.765+0000] {databricks_base.py:461} INFO - Using token auth. For security reasons, please set token in Password field instead of extra
[2026-01-06T15:54:26.138+0000] {databricks.py:66} INFO - Run submitted with run_id: 920931844652351
[2026-01-06T15:54:26.139+0000] {databricks_base.py:461} INFO - Using token auth. For security reasons, please set token in Password field instead of extra
[2026-01-06T15:54:27.298+0000] {databricks_base.py:461} INFO - Using token auth. For security reasons, please set token in Password field instead of extra
[2026-01-06T15:54:28.498+0000] {databricks.py:128} INFO - run_stock_trading_etl_job in run state: {'life_cycle_state': 'QUEUED', 'result_state': '', 'state_message': ''}
[2026-01-06T15:54:28.499+0000] {databricks.py:129} INFO - View run status, Spark UI, and logs at https://dbc-10aef91b-b57e.cloud.databricks.com/?o=1513158629236595#job/307842103734326/run/920931844652351
[2026-01-06T15:54:28.500+0000] {databricks.py:130} INFO - Sleeping for 30 seconds.
[2026-01-06T15:54:58.534+0000] {databricks_base.py:461} INFO - Using token auth. For security reasons, please set token in Password field instead of extra
[2026-01-06T15:54:59.692+0000] {databricks.py:128} INFO - run_stock_trading_etl_job in run state: {'life_cycle_state': 'QUEUED', 'result_state': '', 'state_message': ''}
[2026-01-06T15:54:59.693+0000] {databricks.py:129} INFO - View run status, Spark UI, and logs at https://dbc-10aef91b-b57e.cloud.databricks.com/?o=1513158629236595#job/307842103734326/run/920931844652351
[2026-01-06T15:54:59.694+0000] {databricks.py:130} INFO - Sleeping for 30 seconds.
[2026-01-06T15:55:29.723+0000] {databricks_base.py:461} INFO - Using token auth. For security reasons, please set token in Password field instead of extra
[2026-01-06T15:55:30.882+0000] {databricks.py:128} INFO - run_stock_trading_etl_job in run state: {'life_cycle_state': 'QUEUED', 'result_state': '', 'state_message': ''}
[2026-01-06T15:55:30.884+0000] {databricks.py:129} INFO - View run status, Spark UI, and logs at https://dbc-10aef91b-b57e.cloud.databricks.com/?o=1513158629236595#job/307842103734326/run/920931844652351
[2026-01-06T15:55:30.886+0000] {databricks.py:130} INFO - Sleeping for 30 seconds.
[2026-01-06T15:56:00.915+0000] {databricks_base.py:461} INFO - Using token auth. For security reasons, please set token in Password field instead of extra
[2026-01-06T15:56:02.218+0000] {databricks.py:128} INFO - run_stock_trading_etl_job in run state: {'life_cycle_state': 'QUEUED', 'result_state': '', 'state_message': ''}
[2026-01-06T15:56:02.219+0000] {databricks.py:129} INFO - View run status, Spark UI, and logs at https://dbc-10aef91b-b57e.cloud.databricks.com/?o=1513158629236595#job/307842103734326/run/920931844652351
[2026-01-06T15:56:02.222+0000] {databricks.py:130} INFO - Sleeping for 30 seconds.
[2026-01-06T15:56:32.250+0000] {databricks_base.py:461} INFO - Using token auth. For security reasons, please set token in Password field instead of extra
[2026-01-06T15:56:33.532+0000] {databricks.py:128} INFO - run_stock_trading_etl_job in run state: {'life_cycle_state': 'QUEUED', 'result_state': '', 'state_message': ''}
[2026-01-06T15:56:33.533+0000] {databricks.py:129} INFO - View run status, Spark UI, and logs at https://dbc-10aef91b-b57e.cloud.databricks.com/?o=1513158629236595#job/307842103734326/run/920931844652351
[2026-01-06T15:56:33.534+0000] {databricks.py:130} INFO - Sleeping for 30 seconds.
[2026-01-06T15:57:03.538+0000] {databricks_base.py:461} INFO - Using token auth. For security reasons, please set token in Password field instead of extra
[2026-01-06T15:57:04.794+0000] {databricks.py:128} INFO - run_stock_trading_etl_job in run state: {'life_cycle_state': 'QUEUED', 'result_state': '', 'state_message': ''}
[2026-01-06T15:57:04.795+0000] {databricks.py:129} INFO - View run status, Spark UI, and logs at https://dbc-10aef91b-b57e.cloud.databricks.com/?o=1513158629236595#job/307842103734326/run/920931844652351
[2026-01-06T15:57:04.796+0000] {databricks.py:130} INFO - Sleeping for 30 seconds.
[2026-01-06T15:57:34.824+0000] {databricks_base.py:461} INFO - Using token auth. For security reasons, please set token in Password field instead of extra
[2026-01-06T15:57:36.005+0000] {databricks.py:128} INFO - run_stock_trading_etl_job in run state: {'life_cycle_state': 'QUEUED', 'result_state': '', 'state_message': ''}
[2026-01-06T15:57:36.007+0000] {databricks.py:129} INFO - View run status, Spark UI, and logs at https://dbc-10aef91b-b57e.cloud.databricks.com/?o=1513158629236595#job/307842103734326/run/920931844652351
[2026-01-06T15:57:36.007+0000] {databricks.py:130} INFO - Sleeping for 30 seconds.
[2026-01-06T15:58:06.037+0000] {databricks_base.py:461} INFO - Using token auth. For security reasons, please set token in Password field instead of extra
[2026-01-06T15:58:07.245+0000] {databricks.py:128} INFO - run_stock_trading_etl_job in run state: {'life_cycle_state': 'QUEUED', 'result_state': '', 'state_message': ''}
[2026-01-06T15:58:07.246+0000] {databricks.py:129} INFO - View run status, Spark UI, and logs at https://dbc-10aef91b-b57e.cloud.databricks.com/?o=1513158629236595#job/307842103734326/run/920931844652351
[2026-01-06T15:58:07.248+0000] {databricks.py:130} INFO - Sleeping for 30 seconds.
[2026-01-06T15:58:37.270+0000] {databricks_base.py:461} INFO - Using token auth. For security reasons, please set token in Password field instead of extra
[2026-01-06T15:58:38.407+0000] {databricks.py:128} INFO - run_stock_trading_etl_job in run state: {'life_cycle_state': 'QUEUED', 'result_state': '', 'state_message': ''}
[2026-01-06T15:58:38.411+0000] {databricks.py:129} INFO - View run status, Spark UI, and logs at https://dbc-10aef91b-b57e.cloud.databricks.com/?o=1513158629236595#job/307842103734326/run/920931844652351
[2026-01-06T15:58:38.413+0000] {databricks.py:130} INFO - Sleeping for 30 seconds.
[2026-01-06T15:59:08.449+0000] {databricks_base.py:461} INFO - Using token auth. For security reasons, please set token in Password field instead of extra
[2026-01-06T15:59:09.608+0000] {databricks.py:128} INFO - run_stock_trading_etl_job in run state: {'life_cycle_state': 'RUNNING', 'result_state': '', 'state_message': ''}
[2026-01-06T15:59:09.610+0000] {databricks.py:129} INFO - View run status, Spark UI, and logs at https://dbc-10aef91b-b57e.cloud.databricks.com/?o=1513158629236595#job/307842103734326/run/920931844652351
[2026-01-06T15:59:09.613+0000] {databricks.py:130} INFO - Sleeping for 30 seconds.
[2026-01-06T15:59:39.642+0000] {databricks_base.py:461} INFO - Using token auth. For security reasons, please set token in Password field instead of extra
[2026-01-06T15:59:40.908+0000] {databricks.py:128} INFO - run_stock_trading_etl_job in run state: {'life_cycle_state': 'RUNNING', 'result_state': '', 'state_message': ''}
[2026-01-06T15:59:40.909+0000] {databricks.py:129} INFO - View run status, Spark UI, and logs at https://dbc-10aef91b-b57e.cloud.databricks.com/?o=1513158629236595#job/307842103734326/run/920931844652351
[2026-01-06T15:59:40.910+0000] {databricks.py:130} INFO - Sleeping for 30 seconds.
[2026-01-06T16:00:10.939+0000] {databricks_base.py:461} INFO - Using token auth. For security reasons, please set token in Password field instead of extra
[2026-01-06T16:00:12.108+0000] {databricks.py:128} INFO - run_stock_trading_etl_job in run state: {'life_cycle_state': 'RUNNING', 'result_state': '', 'state_message': ''}
[2026-01-06T16:00:12.109+0000] {databricks.py:129} INFO - View run status, Spark UI, and logs at https://dbc-10aef91b-b57e.cloud.databricks.com/?o=1513158629236595#job/307842103734326/run/920931844652351
[2026-01-06T16:00:12.110+0000] {databricks.py:130} INFO - Sleeping for 30 seconds.
[2026-01-06T16:00:42.139+0000] {databricks_base.py:461} INFO - Using token auth. For security reasons, please set token in Password field instead of extra
[2026-01-06T16:00:43.319+0000] {databricks.py:128} INFO - run_stock_trading_etl_job in run state: {'life_cycle_state': 'RUNNING', 'result_state': '', 'state_message': ''}
[2026-01-06T16:00:43.320+0000] {databricks.py:129} INFO - View run status, Spark UI, and logs at https://dbc-10aef91b-b57e.cloud.databricks.com/?o=1513158629236595#job/307842103734326/run/920931844652351
[2026-01-06T16:00:43.321+0000] {databricks.py:130} INFO - Sleeping for 30 seconds.
[2026-01-06T16:01:13.351+0000] {databricks_base.py:461} INFO - Using token auth. For security reasons, please set token in Password field instead of extra
[2026-01-06T16:01:14.530+0000] {databricks.py:128} INFO - run_stock_trading_etl_job in run state: {'life_cycle_state': 'RUNNING', 'result_state': '', 'state_message': ''}
[2026-01-06T16:01:14.531+0000] {databricks.py:129} INFO - View run status, Spark UI, and logs at https://dbc-10aef91b-b57e.cloud.databricks.com/?o=1513158629236595#job/307842103734326/run/920931844652351
[2026-01-06T16:01:14.532+0000] {databricks.py:130} INFO - Sleeping for 30 seconds.
[2026-01-06T16:01:44.560+0000] {databricks_base.py:461} INFO - Using token auth. For security reasons, please set token in Password field instead of extra
[2026-01-06T16:01:45.776+0000] {databricks.py:128} INFO - run_stock_trading_etl_job in run state: {'life_cycle_state': 'RUNNING', 'result_state': '', 'state_message': ''}
[2026-01-06T16:01:45.779+0000] {databricks.py:129} INFO - View run status, Spark UI, and logs at https://dbc-10aef91b-b57e.cloud.databricks.com/?o=1513158629236595#job/307842103734326/run/920931844652351
[2026-01-06T16:01:45.780+0000] {databricks.py:130} INFO - Sleeping for 30 seconds.
[2026-01-06T16:02:15.778+0000] {databricks_base.py:461} INFO - Using token auth. For security reasons, please set token in Password field instead of extra
[2026-01-06T16:02:17.093+0000] {databricks.py:77} INFO - run_stock_trading_etl_job completed successfully.
[2026-01-06T16:02:17.095+0000] {databricks.py:78} INFO - View run status, Spark UI, and logs at https://dbc-10aef91b-b57e.cloud.databricks.com/?o=1513158629236595#job/307842103734326/run/920931844652351
[2026-01-06T16:02:17.104+0000] {taskinstance.py:1138} INFO - Marking task as SUCCESS. dag_id=stock_trading_etl_pipeline, task_id=run_stock_trading_etl_job, execution_date=20260106T154533, start_date=20260106T155424, end_date=20260106T160217
[2026-01-06T16:02:17.140+0000] {local_task_job_runner.py:234} INFO - Task exited with return code 0
[2026-01-06T16:02:17.152+0000] {taskinstance.py:3280} INFO - 0 downstream tasks scheduled from follow-on schedule check
