[2026-01-05T21:40:08.391+0000] {taskinstance.py:1956} INFO - Dependencies all met for dep_context=non-requeueable deps ti=<TaskInstance: stock_trading_etl_pipeline.silver_layer manual__2026-01-05T21:36:23.790682+00:00 [queued]>
[2026-01-05T21:40:08.401+0000] {taskinstance.py:1956} INFO - Dependencies all met for dep_context=requeueable deps ti=<TaskInstance: stock_trading_etl_pipeline.silver_layer manual__2026-01-05T21:36:23.790682+00:00 [queued]>
[2026-01-05T21:40:08.401+0000] {taskinstance.py:2170} INFO - Starting attempt 1 of 2
[2026-01-05T21:40:08.417+0000] {taskinstance.py:2191} INFO - Executing <Task(DatabricksRunNowOperator): silver_layer> on 2026-01-05 21:36:23.790682+00:00
[2026-01-05T21:40:08.424+0000] {standard_task_runner.py:60} INFO - Started process 202 to run task
[2026-01-05T21:40:08.427+0000] {standard_task_runner.py:87} INFO - Running: ['***', 'tasks', 'run', 'stock_trading_etl_pipeline', 'silver_layer', 'manual__2026-01-05T21:36:23.790682+00:00', '--job-id', '6', '--raw', '--subdir', 'DAGS_FOLDER/stock_trading_etl_pipeline.py', '--cfg-path', '/tmp/tmpfd9o7p2v']
[2026-01-05T21:40:08.430+0000] {standard_task_runner.py:88} INFO - Job 6: Subtask silver_layer
[2026-01-05T21:40:08.499+0000] {task_command.py:423} INFO - Running <TaskInstance: stock_trading_etl_pipeline.silver_layer manual__2026-01-05T21:36:23.790682+00:00 [running]> on host c0c900311e4b
[2026-01-05T21:40:08.575+0000] {taskinstance.py:2480} INFO - Exporting env vars: AIRFLOW_CTX_DAG_OWNER='***' AIRFLOW_CTX_DAG_ID='stock_trading_etl_pipeline' AIRFLOW_CTX_TASK_ID='silver_layer' AIRFLOW_CTX_EXECUTION_DATE='2026-01-05T21:36:23.790682+00:00' AIRFLOW_CTX_TRY_NUMBER='1' AIRFLOW_CTX_DAG_RUN_ID='manual__2026-01-05T21:36:23.790682+00:00'
[2026-01-05T21:40:08.584+0000] {base.py:83} INFO - Using connection ID 'databricks_default' for task execution.
[2026-01-05T21:40:08.584+0000] {databricks_base.py:461} INFO - Using token auth. For security reasons, please set token in Password field instead of extra
[2026-01-05T21:40:09.836+0000] {databricks.py:66} INFO - Run submitted with run_id: 429807961306715
[2026-01-05T21:40:09.836+0000] {databricks_base.py:461} INFO - Using token auth. For security reasons, please set token in Password field instead of extra
[2026-01-05T21:40:10.951+0000] {databricks_base.py:461} INFO - Using token auth. For security reasons, please set token in Password field instead of extra
[2026-01-05T21:40:11.996+0000] {databricks.py:128} INFO - silver_layer in run state: {'life_cycle_state': 'RUNNING', 'result_state': '', 'state_message': ''}
[2026-01-05T21:40:11.998+0000] {databricks.py:129} INFO - View run status, Spark UI, and logs at https://dbc-10aef91b-b57e.cloud.databricks.com/?o=1513158629236595#job/208968229385909/run/429807961306715
[2026-01-05T21:40:11.998+0000] {databricks.py:130} INFO - Sleeping for 30 seconds.
[2026-01-05T21:40:42.027+0000] {databricks_base.py:461} INFO - Using token auth. For security reasons, please set token in Password field instead of extra
[2026-01-05T21:40:43.165+0000] {databricks.py:128} INFO - silver_layer in run state: {'life_cycle_state': 'RUNNING', 'result_state': '', 'state_message': ''}
[2026-01-05T21:40:43.168+0000] {databricks.py:129} INFO - View run status, Spark UI, and logs at https://dbc-10aef91b-b57e.cloud.databricks.com/?o=1513158629236595#job/208968229385909/run/429807961306715
[2026-01-05T21:40:43.170+0000] {databricks.py:130} INFO - Sleeping for 30 seconds.
[2026-01-05T21:41:13.198+0000] {databricks_base.py:461} INFO - Using token auth. For security reasons, please set token in Password field instead of extra
[2026-01-05T21:41:14.408+0000] {databricks.py:77} INFO - silver_layer completed successfully.
[2026-01-05T21:41:14.410+0000] {databricks.py:78} INFO - View run status, Spark UI, and logs at https://dbc-10aef91b-b57e.cloud.databricks.com/?o=1513158629236595#job/208968229385909/run/429807961306715
[2026-01-05T21:41:14.423+0000] {taskinstance.py:1138} INFO - Marking task as SUCCESS. dag_id=stock_trading_etl_pipeline, task_id=silver_layer, execution_date=20260105T213623, start_date=20260105T214008, end_date=20260105T214114
[2026-01-05T21:41:14.489+0000] {local_task_job_runner.py:234} INFO - Task exited with return code 0
[2026-01-05T21:41:14.505+0000] {taskinstance.py:3280} INFO - 0 downstream tasks scheduled from follow-on schedule check
