[2026-01-05T21:39:13.370+0000] {processor.py:161} INFO - Started process (PID=191) to work on /opt/airflow/dags/stock_trading_etl_pipeline.py
[2026-01-05T21:39:13.371+0000] {processor.py:830} INFO - Processing file /opt/airflow/dags/stock_trading_etl_pipeline.py for tasks to queue
[2026-01-05T21:39:13.372+0000] {logging_mixin.py:188} INFO - [2026-01-05T21:39:13.372+0000] {dagbag.py:538} INFO - Filling up the DagBag from /opt/airflow/dags/stock_trading_etl_pipeline.py
[2026-01-05T21:39:13.394+0000] {processor.py:840} INFO - DAG(s) 'stock_trading_etl_pipeline' retrieved from /opt/airflow/dags/stock_trading_etl_pipeline.py
[2026-01-05T21:39:13.466+0000] {logging_mixin.py:188} INFO - [2026-01-05T21:39:13.466+0000] {dag.py:3036} INFO - Sync 1 DAGs
[2026-01-05T21:39:13.486+0000] {logging_mixin.py:188} INFO - [2026-01-05T21:39:13.486+0000] {dag.py:3823} INFO - Setting next_dagrun for stock_trading_etl_pipeline to 2026-01-05 00:00:00+00:00, run_after=2026-01-06 00:00:00+00:00
[2026-01-05T21:39:13.524+0000] {processor.py:183} INFO - Processing /opt/airflow/dags/stock_trading_etl_pipeline.py took 0.158 seconds
[2026-01-05T21:39:43.686+0000] {processor.py:161} INFO - Started process (PID=196) to work on /opt/airflow/dags/stock_trading_etl_pipeline.py
[2026-01-05T21:39:43.687+0000] {processor.py:830} INFO - Processing file /opt/airflow/dags/stock_trading_etl_pipeline.py for tasks to queue
[2026-01-05T21:39:43.690+0000] {logging_mixin.py:188} INFO - [2026-01-05T21:39:43.689+0000] {dagbag.py:538} INFO - Filling up the DagBag from /opt/airflow/dags/stock_trading_etl_pipeline.py
[2026-01-05T21:39:43.743+0000] {processor.py:840} INFO - DAG(s) 'stock_trading_etl_pipeline' retrieved from /opt/airflow/dags/stock_trading_etl_pipeline.py
[2026-01-05T21:39:43.772+0000] {logging_mixin.py:188} INFO - [2026-01-05T21:39:43.772+0000] {dag.py:3036} INFO - Sync 1 DAGs
[2026-01-05T21:39:43.798+0000] {logging_mixin.py:188} INFO - [2026-01-05T21:39:43.798+0000] {dag.py:3823} INFO - Setting next_dagrun for stock_trading_etl_pipeline to 2026-01-05 00:00:00+00:00, run_after=2026-01-06 00:00:00+00:00
[2026-01-05T21:39:43.821+0000] {processor.py:183} INFO - Processing /opt/airflow/dags/stock_trading_etl_pipeline.py took 0.139 seconds
[2026-01-05T21:40:14.096+0000] {processor.py:161} INFO - Started process (PID=205) to work on /opt/airflow/dags/stock_trading_etl_pipeline.py
[2026-01-05T21:40:14.099+0000] {processor.py:830} INFO - Processing file /opt/airflow/dags/stock_trading_etl_pipeline.py for tasks to queue
[2026-01-05T21:40:14.101+0000] {logging_mixin.py:188} INFO - [2026-01-05T21:40:14.100+0000] {dagbag.py:538} INFO - Filling up the DagBag from /opt/airflow/dags/stock_trading_etl_pipeline.py
[2026-01-05T21:40:14.136+0000] {processor.py:840} INFO - DAG(s) 'stock_trading_etl_pipeline' retrieved from /opt/airflow/dags/stock_trading_etl_pipeline.py
[2026-01-05T21:40:14.172+0000] {logging_mixin.py:188} INFO - [2026-01-05T21:40:14.171+0000] {dag.py:3036} INFO - Sync 1 DAGs
[2026-01-05T21:40:14.195+0000] {logging_mixin.py:188} INFO - [2026-01-05T21:40:14.195+0000] {dag.py:3823} INFO - Setting next_dagrun for stock_trading_etl_pipeline to 2026-01-05 00:00:00+00:00, run_after=2026-01-06 00:00:00+00:00
[2026-01-05T21:40:14.222+0000] {processor.py:183} INFO - Processing /opt/airflow/dags/stock_trading_etl_pipeline.py took 0.130 seconds
[2026-01-05T21:40:44.397+0000] {processor.py:161} INFO - Started process (PID=210) to work on /opt/airflow/dags/stock_trading_etl_pipeline.py
[2026-01-05T21:40:44.400+0000] {processor.py:830} INFO - Processing file /opt/airflow/dags/stock_trading_etl_pipeline.py for tasks to queue
[2026-01-05T21:40:44.402+0000] {logging_mixin.py:188} INFO - [2026-01-05T21:40:44.401+0000] {dagbag.py:538} INFO - Filling up the DagBag from /opt/airflow/dags/stock_trading_etl_pipeline.py
[2026-01-05T21:40:44.447+0000] {processor.py:840} INFO - DAG(s) 'stock_trading_etl_pipeline' retrieved from /opt/airflow/dags/stock_trading_etl_pipeline.py
[2026-01-05T21:40:44.479+0000] {logging_mixin.py:188} INFO - [2026-01-05T21:40:44.479+0000] {dag.py:3036} INFO - Sync 1 DAGs
[2026-01-05T21:40:44.500+0000] {logging_mixin.py:188} INFO - [2026-01-05T21:40:44.500+0000] {dag.py:3823} INFO - Setting next_dagrun for stock_trading_etl_pipeline to 2026-01-05 00:00:00+00:00, run_after=2026-01-06 00:00:00+00:00
[2026-01-05T21:40:44.523+0000] {processor.py:183} INFO - Processing /opt/airflow/dags/stock_trading_etl_pipeline.py took 0.130 seconds
[2026-01-05T21:41:14.801+0000] {processor.py:161} INFO - Started process (PID=217) to work on /opt/airflow/dags/stock_trading_etl_pipeline.py
[2026-01-05T21:41:14.803+0000] {processor.py:830} INFO - Processing file /opt/airflow/dags/stock_trading_etl_pipeline.py for tasks to queue
[2026-01-05T21:41:14.805+0000] {logging_mixin.py:188} INFO - [2026-01-05T21:41:14.804+0000] {dagbag.py:538} INFO - Filling up the DagBag from /opt/airflow/dags/stock_trading_etl_pipeline.py
[2026-01-05T21:41:14.841+0000] {processor.py:840} INFO - DAG(s) 'stock_trading_etl_pipeline' retrieved from /opt/airflow/dags/stock_trading_etl_pipeline.py
[2026-01-05T21:41:14.876+0000] {logging_mixin.py:188} INFO - [2026-01-05T21:41:14.876+0000] {dag.py:3036} INFO - Sync 1 DAGs
[2026-01-05T21:41:14.897+0000] {logging_mixin.py:188} INFO - [2026-01-05T21:41:14.897+0000] {dag.py:3823} INFO - Setting next_dagrun for stock_trading_etl_pipeline to 2026-01-05 00:00:00+00:00, run_after=2026-01-06 00:00:00+00:00
[2026-01-05T21:41:14.919+0000] {processor.py:183} INFO - Processing /opt/airflow/dags/stock_trading_etl_pipeline.py took 0.120 seconds
[2026-01-05T21:41:45.135+0000] {processor.py:161} INFO - Started process (PID=222) to work on /opt/airflow/dags/stock_trading_etl_pipeline.py
[2026-01-05T21:41:45.137+0000] {processor.py:830} INFO - Processing file /opt/airflow/dags/stock_trading_etl_pipeline.py for tasks to queue
[2026-01-05T21:41:45.139+0000] {logging_mixin.py:188} INFO - [2026-01-05T21:41:45.139+0000] {dagbag.py:538} INFO - Filling up the DagBag from /opt/airflow/dags/stock_trading_etl_pipeline.py
[2026-01-05T21:41:45.181+0000] {processor.py:840} INFO - DAG(s) 'stock_trading_etl_pipeline' retrieved from /opt/airflow/dags/stock_trading_etl_pipeline.py
[2026-01-05T21:41:45.210+0000] {logging_mixin.py:188} INFO - [2026-01-05T21:41:45.210+0000] {dag.py:3036} INFO - Sync 1 DAGs
[2026-01-05T21:41:45.230+0000] {logging_mixin.py:188} INFO - [2026-01-05T21:41:45.230+0000] {dag.py:3823} INFO - Setting next_dagrun for stock_trading_etl_pipeline to 2026-01-05 00:00:00+00:00, run_after=2026-01-06 00:00:00+00:00
[2026-01-05T21:41:45.262+0000] {processor.py:183} INFO - Processing /opt/airflow/dags/stock_trading_etl_pipeline.py took 0.131 seconds
[2026-01-05T21:42:15.547+0000] {processor.py:161} INFO - Started process (PID=227) to work on /opt/airflow/dags/stock_trading_etl_pipeline.py
[2026-01-05T21:42:15.550+0000] {processor.py:830} INFO - Processing file /opt/airflow/dags/stock_trading_etl_pipeline.py for tasks to queue
[2026-01-05T21:42:15.552+0000] {logging_mixin.py:188} INFO - [2026-01-05T21:42:15.552+0000] {dagbag.py:538} INFO - Filling up the DagBag from /opt/airflow/dags/stock_trading_etl_pipeline.py
[2026-01-05T21:42:15.617+0000] {processor.py:840} INFO - DAG(s) 'stock_trading_etl_pipeline' retrieved from /opt/airflow/dags/stock_trading_etl_pipeline.py
[2026-01-05T21:42:15.643+0000] {logging_mixin.py:188} INFO - [2026-01-05T21:42:15.643+0000] {dag.py:3036} INFO - Sync 1 DAGs
[2026-01-05T21:42:15.665+0000] {logging_mixin.py:188} INFO - [2026-01-05T21:42:15.664+0000] {dag.py:3823} INFO - Setting next_dagrun for stock_trading_etl_pipeline to 2026-01-05 00:00:00+00:00, run_after=2026-01-06 00:00:00+00:00
[2026-01-05T21:42:15.690+0000] {processor.py:183} INFO - Processing /opt/airflow/dags/stock_trading_etl_pipeline.py took 0.147 seconds
[2026-01-05T21:42:45.951+0000] {processor.py:161} INFO - Started process (PID=232) to work on /opt/airflow/dags/stock_trading_etl_pipeline.py
[2026-01-05T21:42:45.953+0000] {processor.py:830} INFO - Processing file /opt/airflow/dags/stock_trading_etl_pipeline.py for tasks to queue
[2026-01-05T21:42:45.955+0000] {logging_mixin.py:188} INFO - [2026-01-05T21:42:45.954+0000] {dagbag.py:538} INFO - Filling up the DagBag from /opt/airflow/dags/stock_trading_etl_pipeline.py
[2026-01-05T21:42:46.002+0000] {processor.py:840} INFO - DAG(s) 'stock_trading_etl_pipeline' retrieved from /opt/airflow/dags/stock_trading_etl_pipeline.py
[2026-01-05T21:42:46.027+0000] {logging_mixin.py:188} INFO - [2026-01-05T21:42:46.027+0000] {dag.py:3036} INFO - Sync 1 DAGs
[2026-01-05T21:42:46.046+0000] {logging_mixin.py:188} INFO - [2026-01-05T21:42:46.046+0000] {dag.py:3823} INFO - Setting next_dagrun for stock_trading_etl_pipeline to 2026-01-05 00:00:00+00:00, run_after=2026-01-06 00:00:00+00:00
[2026-01-05T21:42:46.073+0000] {processor.py:183} INFO - Processing /opt/airflow/dags/stock_trading_etl_pipeline.py took 0.125 seconds
[2026-01-05T21:43:16.294+0000] {processor.py:161} INFO - Started process (PID=237) to work on /opt/airflow/dags/stock_trading_etl_pipeline.py
[2026-01-05T21:43:16.296+0000] {processor.py:830} INFO - Processing file /opt/airflow/dags/stock_trading_etl_pipeline.py for tasks to queue
[2026-01-05T21:43:16.297+0000] {logging_mixin.py:188} INFO - [2026-01-05T21:43:16.297+0000] {dagbag.py:538} INFO - Filling up the DagBag from /opt/airflow/dags/stock_trading_etl_pipeline.py
[2026-01-05T21:43:16.331+0000] {processor.py:840} INFO - DAG(s) 'stock_trading_etl_pipeline' retrieved from /opt/airflow/dags/stock_trading_etl_pipeline.py
[2026-01-05T21:43:16.358+0000] {logging_mixin.py:188} INFO - [2026-01-05T21:43:16.358+0000] {dag.py:3036} INFO - Sync 1 DAGs
[2026-01-05T21:43:16.377+0000] {logging_mixin.py:188} INFO - [2026-01-05T21:43:16.377+0000] {dag.py:3823} INFO - Setting next_dagrun for stock_trading_etl_pipeline to 2026-01-05 00:00:00+00:00, run_after=2026-01-06 00:00:00+00:00
[2026-01-05T21:43:16.401+0000] {processor.py:183} INFO - Processing /opt/airflow/dags/stock_trading_etl_pipeline.py took 0.111 seconds
[2026-01-05T21:43:46.655+0000] {processor.py:161} INFO - Started process (PID=242) to work on /opt/airflow/dags/stock_trading_etl_pipeline.py
[2026-01-05T21:43:46.656+0000] {processor.py:830} INFO - Processing file /opt/airflow/dags/stock_trading_etl_pipeline.py for tasks to queue
[2026-01-05T21:43:46.658+0000] {logging_mixin.py:188} INFO - [2026-01-05T21:43:46.658+0000] {dagbag.py:538} INFO - Filling up the DagBag from /opt/airflow/dags/stock_trading_etl_pipeline.py
[2026-01-05T21:43:46.702+0000] {processor.py:840} INFO - DAG(s) 'stock_trading_etl_pipeline' retrieved from /opt/airflow/dags/stock_trading_etl_pipeline.py
[2026-01-05T21:43:46.724+0000] {logging_mixin.py:188} INFO - [2026-01-05T21:43:46.723+0000] {dag.py:3036} INFO - Sync 1 DAGs
[2026-01-05T21:43:46.740+0000] {logging_mixin.py:188} INFO - [2026-01-05T21:43:46.740+0000] {dag.py:3823} INFO - Setting next_dagrun for stock_trading_etl_pipeline to 2026-01-05 00:00:00+00:00, run_after=2026-01-06 00:00:00+00:00
[2026-01-05T21:43:46.769+0000] {processor.py:183} INFO - Processing /opt/airflow/dags/stock_trading_etl_pipeline.py took 0.116 seconds
[2026-01-05T21:44:17.057+0000] {processor.py:161} INFO - Started process (PID=247) to work on /opt/airflow/dags/stock_trading_etl_pipeline.py
[2026-01-05T21:44:17.059+0000] {processor.py:830} INFO - Processing file /opt/airflow/dags/stock_trading_etl_pipeline.py for tasks to queue
[2026-01-05T21:44:17.061+0000] {logging_mixin.py:188} INFO - [2026-01-05T21:44:17.060+0000] {dagbag.py:538} INFO - Filling up the DagBag from /opt/airflow/dags/stock_trading_etl_pipeline.py
[2026-01-05T21:44:17.101+0000] {processor.py:840} INFO - DAG(s) 'stock_trading_etl_pipeline' retrieved from /opt/airflow/dags/stock_trading_etl_pipeline.py
[2026-01-05T21:44:17.129+0000] {logging_mixin.py:188} INFO - [2026-01-05T21:44:17.129+0000] {dag.py:3036} INFO - Sync 1 DAGs
[2026-01-05T21:44:17.148+0000] {logging_mixin.py:188} INFO - [2026-01-05T21:44:17.147+0000] {dag.py:3823} INFO - Setting next_dagrun for stock_trading_etl_pipeline to 2026-01-05 00:00:00+00:00, run_after=2026-01-06 00:00:00+00:00
[2026-01-05T21:44:17.169+0000] {processor.py:183} INFO - Processing /opt/airflow/dags/stock_trading_etl_pipeline.py took 0.115 seconds
[2026-01-05T21:44:47.373+0000] {processor.py:161} INFO - Started process (PID=252) to work on /opt/airflow/dags/stock_trading_etl_pipeline.py
[2026-01-05T21:44:47.375+0000] {processor.py:830} INFO - Processing file /opt/airflow/dags/stock_trading_etl_pipeline.py for tasks to queue
[2026-01-05T21:44:47.376+0000] {logging_mixin.py:188} INFO - [2026-01-05T21:44:47.376+0000] {dagbag.py:538} INFO - Filling up the DagBag from /opt/airflow/dags/stock_trading_etl_pipeline.py
[2026-01-05T21:44:47.408+0000] {processor.py:840} INFO - DAG(s) 'stock_trading_etl_pipeline' retrieved from /opt/airflow/dags/stock_trading_etl_pipeline.py
[2026-01-05T21:44:47.432+0000] {logging_mixin.py:188} INFO - [2026-01-05T21:44:47.432+0000] {dag.py:3036} INFO - Sync 1 DAGs
[2026-01-05T21:44:47.448+0000] {logging_mixin.py:188} INFO - [2026-01-05T21:44:47.448+0000] {dag.py:3823} INFO - Setting next_dagrun for stock_trading_etl_pipeline to 2026-01-05 00:00:00+00:00, run_after=2026-01-06 00:00:00+00:00
[2026-01-05T21:44:47.469+0000] {processor.py:183} INFO - Processing /opt/airflow/dags/stock_trading_etl_pipeline.py took 0.098 seconds
[2026-01-05T21:45:17.719+0000] {processor.py:161} INFO - Started process (PID=257) to work on /opt/airflow/dags/stock_trading_etl_pipeline.py
[2026-01-05T21:45:17.721+0000] {processor.py:830} INFO - Processing file /opt/airflow/dags/stock_trading_etl_pipeline.py for tasks to queue
[2026-01-05T21:45:17.722+0000] {logging_mixin.py:188} INFO - [2026-01-05T21:45:17.722+0000] {dagbag.py:538} INFO - Filling up the DagBag from /opt/airflow/dags/stock_trading_etl_pipeline.py
[2026-01-05T21:45:17.776+0000] {processor.py:840} INFO - DAG(s) 'stock_trading_etl_pipeline' retrieved from /opt/airflow/dags/stock_trading_etl_pipeline.py
[2026-01-05T21:45:17.803+0000] {logging_mixin.py:188} INFO - [2026-01-05T21:45:17.803+0000] {dag.py:3036} INFO - Sync 1 DAGs
[2026-01-05T21:45:17.823+0000] {logging_mixin.py:188} INFO - [2026-01-05T21:45:17.823+0000] {dag.py:3823} INFO - Setting next_dagrun for stock_trading_etl_pipeline to 2026-01-05 00:00:00+00:00, run_after=2026-01-06 00:00:00+00:00
[2026-01-05T21:45:17.847+0000] {processor.py:183} INFO - Processing /opt/airflow/dags/stock_trading_etl_pipeline.py took 0.131 seconds
[2026-01-05T21:45:48.049+0000] {processor.py:161} INFO - Started process (PID=262) to work on /opt/airflow/dags/stock_trading_etl_pipeline.py
[2026-01-05T21:45:48.051+0000] {processor.py:830} INFO - Processing file /opt/airflow/dags/stock_trading_etl_pipeline.py for tasks to queue
[2026-01-05T21:45:48.051+0000] {logging_mixin.py:188} INFO - [2026-01-05T21:45:48.051+0000] {dagbag.py:538} INFO - Filling up the DagBag from /opt/airflow/dags/stock_trading_etl_pipeline.py
[2026-01-05T21:45:48.068+0000] {processor.py:840} INFO - DAG(s) 'stock_trading_etl_pipeline' retrieved from /opt/airflow/dags/stock_trading_etl_pipeline.py
[2026-01-05T21:45:48.089+0000] {logging_mixin.py:188} INFO - [2026-01-05T21:45:48.089+0000] {dag.py:3036} INFO - Sync 1 DAGs
[2026-01-05T21:45:48.107+0000] {logging_mixin.py:188} INFO - [2026-01-05T21:45:48.106+0000] {dag.py:3823} INFO - Setting next_dagrun for stock_trading_etl_pipeline to 2026-01-05 00:00:00+00:00, run_after=2026-01-06 00:00:00+00:00
[2026-01-05T21:45:48.130+0000] {processor.py:183} INFO - Processing /opt/airflow/dags/stock_trading_etl_pipeline.py took 0.083 seconds
[2026-01-05T21:46:18.405+0000] {processor.py:161} INFO - Started process (PID=267) to work on /opt/airflow/dags/stock_trading_etl_pipeline.py
[2026-01-05T21:46:18.407+0000] {processor.py:830} INFO - Processing file /opt/airflow/dags/stock_trading_etl_pipeline.py for tasks to queue
[2026-01-05T21:46:18.408+0000] {logging_mixin.py:188} INFO - [2026-01-05T21:46:18.408+0000] {dagbag.py:538} INFO - Filling up the DagBag from /opt/airflow/dags/stock_trading_etl_pipeline.py
[2026-01-05T21:46:18.456+0000] {processor.py:840} INFO - DAG(s) 'stock_trading_etl_pipeline' retrieved from /opt/airflow/dags/stock_trading_etl_pipeline.py
[2026-01-05T21:46:18.479+0000] {logging_mixin.py:188} INFO - [2026-01-05T21:46:18.479+0000] {dag.py:3036} INFO - Sync 1 DAGs
[2026-01-05T21:46:18.497+0000] {logging_mixin.py:188} INFO - [2026-01-05T21:46:18.497+0000] {dag.py:3823} INFO - Setting next_dagrun for stock_trading_etl_pipeline to 2026-01-05 00:00:00+00:00, run_after=2026-01-06 00:00:00+00:00
[2026-01-05T21:46:18.529+0000] {processor.py:183} INFO - Processing /opt/airflow/dags/stock_trading_etl_pipeline.py took 0.127 seconds
[2026-01-05T21:46:48.738+0000] {processor.py:161} INFO - Started process (PID=272) to work on /opt/airflow/dags/stock_trading_etl_pipeline.py
[2026-01-05T21:46:48.740+0000] {processor.py:830} INFO - Processing file /opt/airflow/dags/stock_trading_etl_pipeline.py for tasks to queue
[2026-01-05T21:46:48.742+0000] {logging_mixin.py:188} INFO - [2026-01-05T21:46:48.742+0000] {dagbag.py:538} INFO - Filling up the DagBag from /opt/airflow/dags/stock_trading_etl_pipeline.py
[2026-01-05T21:46:48.791+0000] {processor.py:840} INFO - DAG(s) 'stock_trading_etl_pipeline' retrieved from /opt/airflow/dags/stock_trading_etl_pipeline.py
[2026-01-05T21:46:48.835+0000] {logging_mixin.py:188} INFO - [2026-01-05T21:46:48.835+0000] {dag.py:3036} INFO - Sync 1 DAGs
[2026-01-05T21:46:48.863+0000] {logging_mixin.py:188} INFO - [2026-01-05T21:46:48.863+0000] {dag.py:3823} INFO - Setting next_dagrun for stock_trading_etl_pipeline to 2026-01-05 00:00:00+00:00, run_after=2026-01-06 00:00:00+00:00
[2026-01-05T21:46:48.887+0000] {processor.py:183} INFO - Processing /opt/airflow/dags/stock_trading_etl_pipeline.py took 0.152 seconds
[2026-01-05T21:47:19.085+0000] {processor.py:161} INFO - Started process (PID=277) to work on /opt/airflow/dags/stock_trading_etl_pipeline.py
[2026-01-05T21:47:19.087+0000] {processor.py:830} INFO - Processing file /opt/airflow/dags/stock_trading_etl_pipeline.py for tasks to queue
[2026-01-05T21:47:19.088+0000] {logging_mixin.py:188} INFO - [2026-01-05T21:47:19.088+0000] {dagbag.py:538} INFO - Filling up the DagBag from /opt/airflow/dags/stock_trading_etl_pipeline.py
[2026-01-05T21:47:19.128+0000] {processor.py:840} INFO - DAG(s) 'stock_trading_etl_pipeline' retrieved from /opt/airflow/dags/stock_trading_etl_pipeline.py
[2026-01-05T21:47:19.151+0000] {logging_mixin.py:188} INFO - [2026-01-05T21:47:19.151+0000] {dag.py:3036} INFO - Sync 1 DAGs
[2026-01-05T21:47:19.171+0000] {logging_mixin.py:188} INFO - [2026-01-05T21:47:19.171+0000] {dag.py:3823} INFO - Setting next_dagrun for stock_trading_etl_pipeline to 2026-01-05 00:00:00+00:00, run_after=2026-01-06 00:00:00+00:00
[2026-01-05T21:47:19.195+0000] {processor.py:183} INFO - Processing /opt/airflow/dags/stock_trading_etl_pipeline.py took 0.112 seconds
[2026-01-05T21:47:49.425+0000] {processor.py:161} INFO - Started process (PID=282) to work on /opt/airflow/dags/stock_trading_etl_pipeline.py
[2026-01-05T21:47:49.426+0000] {processor.py:830} INFO - Processing file /opt/airflow/dags/stock_trading_etl_pipeline.py for tasks to queue
[2026-01-05T21:47:49.428+0000] {logging_mixin.py:188} INFO - [2026-01-05T21:47:49.427+0000] {dagbag.py:538} INFO - Filling up the DagBag from /opt/airflow/dags/stock_trading_etl_pipeline.py
[2026-01-05T21:47:49.449+0000] {processor.py:840} INFO - DAG(s) 'stock_trading_etl_pipeline' retrieved from /opt/airflow/dags/stock_trading_etl_pipeline.py
[2026-01-05T21:47:49.478+0000] {logging_mixin.py:188} INFO - [2026-01-05T21:47:49.478+0000] {dag.py:3036} INFO - Sync 1 DAGs
[2026-01-05T21:47:49.496+0000] {logging_mixin.py:188} INFO - [2026-01-05T21:47:49.496+0000] {dag.py:3823} INFO - Setting next_dagrun for stock_trading_etl_pipeline to 2026-01-05 00:00:00+00:00, run_after=2026-01-06 00:00:00+00:00
[2026-01-05T21:47:49.511+0000] {processor.py:183} INFO - Processing /opt/airflow/dags/stock_trading_etl_pipeline.py took 0.089 seconds
[2026-01-05T21:48:19.790+0000] {processor.py:161} INFO - Started process (PID=287) to work on /opt/airflow/dags/stock_trading_etl_pipeline.py
[2026-01-05T21:48:19.791+0000] {processor.py:830} INFO - Processing file /opt/airflow/dags/stock_trading_etl_pipeline.py for tasks to queue
[2026-01-05T21:48:19.791+0000] {logging_mixin.py:188} INFO - [2026-01-05T21:48:19.791+0000] {dagbag.py:538} INFO - Filling up the DagBag from /opt/airflow/dags/stock_trading_etl_pipeline.py
[2026-01-05T21:48:19.815+0000] {processor.py:840} INFO - DAG(s) 'stock_trading_etl_pipeline' retrieved from /opt/airflow/dags/stock_trading_etl_pipeline.py
[2026-01-05T21:48:19.835+0000] {logging_mixin.py:188} INFO - [2026-01-05T21:48:19.835+0000] {dag.py:3036} INFO - Sync 1 DAGs
[2026-01-05T21:48:19.853+0000] {logging_mixin.py:188} INFO - [2026-01-05T21:48:19.852+0000] {dag.py:3823} INFO - Setting next_dagrun for stock_trading_etl_pipeline to 2026-01-05 00:00:00+00:00, run_after=2026-01-06 00:00:00+00:00
[2026-01-05T21:48:19.879+0000] {processor.py:183} INFO - Processing /opt/airflow/dags/stock_trading_etl_pipeline.py took 0.092 seconds
[2026-01-05T21:48:50.086+0000] {processor.py:161} INFO - Started process (PID=292) to work on /opt/airflow/dags/stock_trading_etl_pipeline.py
[2026-01-05T21:48:50.088+0000] {processor.py:830} INFO - Processing file /opt/airflow/dags/stock_trading_etl_pipeline.py for tasks to queue
[2026-01-05T21:48:50.089+0000] {logging_mixin.py:188} INFO - [2026-01-05T21:48:50.089+0000] {dagbag.py:538} INFO - Filling up the DagBag from /opt/airflow/dags/stock_trading_etl_pipeline.py
[2026-01-05T21:48:50.112+0000] {processor.py:840} INFO - DAG(s) 'stock_trading_etl_pipeline' retrieved from /opt/airflow/dags/stock_trading_etl_pipeline.py
[2026-01-05T21:48:50.135+0000] {logging_mixin.py:188} INFO - [2026-01-05T21:48:50.135+0000] {dag.py:3036} INFO - Sync 1 DAGs
[2026-01-05T21:48:50.153+0000] {logging_mixin.py:188} INFO - [2026-01-05T21:48:50.153+0000] {dag.py:3823} INFO - Setting next_dagrun for stock_trading_etl_pipeline to 2026-01-05 00:00:00+00:00, run_after=2026-01-06 00:00:00+00:00
[2026-01-05T21:48:50.179+0000] {processor.py:183} INFO - Processing /opt/airflow/dags/stock_trading_etl_pipeline.py took 0.095 seconds
[2026-01-05T21:49:20.505+0000] {processor.py:161} INFO - Started process (PID=297) to work on /opt/airflow/dags/stock_trading_etl_pipeline.py
[2026-01-05T21:49:20.507+0000] {processor.py:830} INFO - Processing file /opt/airflow/dags/stock_trading_etl_pipeline.py for tasks to queue
[2026-01-05T21:49:20.508+0000] {logging_mixin.py:188} INFO - [2026-01-05T21:49:20.508+0000] {dagbag.py:538} INFO - Filling up the DagBag from /opt/airflow/dags/stock_trading_etl_pipeline.py
[2026-01-05T21:49:20.542+0000] {processor.py:840} INFO - DAG(s) 'stock_trading_etl_pipeline' retrieved from /opt/airflow/dags/stock_trading_etl_pipeline.py
[2026-01-05T21:49:20.566+0000] {logging_mixin.py:188} INFO - [2026-01-05T21:49:20.566+0000] {dag.py:3036} INFO - Sync 1 DAGs
[2026-01-05T21:49:20.584+0000] {logging_mixin.py:188} INFO - [2026-01-05T21:49:20.584+0000] {dag.py:3823} INFO - Setting next_dagrun for stock_trading_etl_pipeline to 2026-01-05 00:00:00+00:00, run_after=2026-01-06 00:00:00+00:00
[2026-01-05T21:49:20.610+0000] {processor.py:183} INFO - Processing /opt/airflow/dags/stock_trading_etl_pipeline.py took 0.107 seconds
[2026-01-05T21:49:50.807+0000] {processor.py:161} INFO - Started process (PID=302) to work on /opt/airflow/dags/stock_trading_etl_pipeline.py
[2026-01-05T21:49:50.809+0000] {processor.py:830} INFO - Processing file /opt/airflow/dags/stock_trading_etl_pipeline.py for tasks to queue
[2026-01-05T21:49:50.810+0000] {logging_mixin.py:188} INFO - [2026-01-05T21:49:50.810+0000] {dagbag.py:538} INFO - Filling up the DagBag from /opt/airflow/dags/stock_trading_etl_pipeline.py
[2026-01-05T21:49:50.828+0000] {processor.py:840} INFO - DAG(s) 'stock_trading_etl_pipeline' retrieved from /opt/airflow/dags/stock_trading_etl_pipeline.py
[2026-01-05T21:49:50.861+0000] {logging_mixin.py:188} INFO - [2026-01-05T21:49:50.861+0000] {dag.py:3036} INFO - Sync 1 DAGs
[2026-01-05T21:49:50.882+0000] {logging_mixin.py:188} INFO - [2026-01-05T21:49:50.882+0000] {dag.py:3823} INFO - Setting next_dagrun for stock_trading_etl_pipeline to 2026-01-05 00:00:00+00:00, run_after=2026-01-06 00:00:00+00:00
[2026-01-05T21:49:50.908+0000] {processor.py:183} INFO - Processing /opt/airflow/dags/stock_trading_etl_pipeline.py took 0.105 seconds
[2026-01-05T21:50:21.146+0000] {processor.py:161} INFO - Started process (PID=307) to work on /opt/airflow/dags/stock_trading_etl_pipeline.py
[2026-01-05T21:50:21.148+0000] {processor.py:830} INFO - Processing file /opt/airflow/dags/stock_trading_etl_pipeline.py for tasks to queue
[2026-01-05T21:50:21.149+0000] {logging_mixin.py:188} INFO - [2026-01-05T21:50:21.148+0000] {dagbag.py:538} INFO - Filling up the DagBag from /opt/airflow/dags/stock_trading_etl_pipeline.py
[2026-01-05T21:50:21.193+0000] {processor.py:840} INFO - DAG(s) 'stock_trading_etl_pipeline' retrieved from /opt/airflow/dags/stock_trading_etl_pipeline.py
[2026-01-05T21:50:21.227+0000] {logging_mixin.py:188} INFO - [2026-01-05T21:50:21.227+0000] {dag.py:3036} INFO - Sync 1 DAGs
[2026-01-05T21:50:21.246+0000] {logging_mixin.py:188} INFO - [2026-01-05T21:50:21.246+0000] {dag.py:3823} INFO - Setting next_dagrun for stock_trading_etl_pipeline to 2026-01-05 00:00:00+00:00, run_after=2026-01-06 00:00:00+00:00
[2026-01-05T21:50:21.267+0000] {processor.py:183} INFO - Processing /opt/airflow/dags/stock_trading_etl_pipeline.py took 0.124 seconds
[2026-01-05T21:50:51.459+0000] {processor.py:161} INFO - Started process (PID=312) to work on /opt/airflow/dags/stock_trading_etl_pipeline.py
[2026-01-05T21:50:51.461+0000] {processor.py:830} INFO - Processing file /opt/airflow/dags/stock_trading_etl_pipeline.py for tasks to queue
[2026-01-05T21:50:51.463+0000] {logging_mixin.py:188} INFO - [2026-01-05T21:50:51.462+0000] {dagbag.py:538} INFO - Filling up the DagBag from /opt/airflow/dags/stock_trading_etl_pipeline.py
[2026-01-05T21:50:51.501+0000] {processor.py:840} INFO - DAG(s) 'stock_trading_etl_pipeline' retrieved from /opt/airflow/dags/stock_trading_etl_pipeline.py
[2026-01-05T21:50:51.528+0000] {logging_mixin.py:188} INFO - [2026-01-05T21:50:51.528+0000] {dag.py:3036} INFO - Sync 1 DAGs
[2026-01-05T21:50:51.547+0000] {logging_mixin.py:188} INFO - [2026-01-05T21:50:51.547+0000] {dag.py:3823} INFO - Setting next_dagrun for stock_trading_etl_pipeline to 2026-01-05 00:00:00+00:00, run_after=2026-01-06 00:00:00+00:00
[2026-01-05T21:50:51.574+0000] {processor.py:183} INFO - Processing /opt/airflow/dags/stock_trading_etl_pipeline.py took 0.119 seconds
[2026-01-05T21:51:21.807+0000] {processor.py:161} INFO - Started process (PID=317) to work on /opt/airflow/dags/stock_trading_etl_pipeline.py
[2026-01-05T21:51:21.809+0000] {processor.py:830} INFO - Processing file /opt/airflow/dags/stock_trading_etl_pipeline.py for tasks to queue
[2026-01-05T21:51:21.810+0000] {logging_mixin.py:188} INFO - [2026-01-05T21:51:21.810+0000] {dagbag.py:538} INFO - Filling up the DagBag from /opt/airflow/dags/stock_trading_etl_pipeline.py
[2026-01-05T21:51:21.835+0000] {processor.py:840} INFO - DAG(s) 'stock_trading_etl_pipeline' retrieved from /opt/airflow/dags/stock_trading_etl_pipeline.py
[2026-01-05T21:51:21.859+0000] {logging_mixin.py:188} INFO - [2026-01-05T21:51:21.859+0000] {dag.py:3036} INFO - Sync 1 DAGs
[2026-01-05T21:51:21.879+0000] {logging_mixin.py:188} INFO - [2026-01-05T21:51:21.879+0000] {dag.py:3823} INFO - Setting next_dagrun for stock_trading_etl_pipeline to 2026-01-05 00:00:00+00:00, run_after=2026-01-06 00:00:00+00:00
[2026-01-05T21:51:21.904+0000] {processor.py:183} INFO - Processing /opt/airflow/dags/stock_trading_etl_pipeline.py took 0.100 seconds
[2026-01-05T21:51:52.148+0000] {processor.py:161} INFO - Started process (PID=322) to work on /opt/airflow/dags/stock_trading_etl_pipeline.py
[2026-01-05T21:51:52.149+0000] {processor.py:830} INFO - Processing file /opt/airflow/dags/stock_trading_etl_pipeline.py for tasks to queue
[2026-01-05T21:51:52.151+0000] {logging_mixin.py:188} INFO - [2026-01-05T21:51:52.151+0000] {dagbag.py:538} INFO - Filling up the DagBag from /opt/airflow/dags/stock_trading_etl_pipeline.py
[2026-01-05T21:51:52.170+0000] {processor.py:840} INFO - DAG(s) 'stock_trading_etl_pipeline' retrieved from /opt/airflow/dags/stock_trading_etl_pipeline.py
[2026-01-05T21:51:52.202+0000] {logging_mixin.py:188} INFO - [2026-01-05T21:51:52.202+0000] {dag.py:3036} INFO - Sync 1 DAGs
[2026-01-05T21:51:52.223+0000] {logging_mixin.py:188} INFO - [2026-01-05T21:51:52.223+0000] {dag.py:3823} INFO - Setting next_dagrun for stock_trading_etl_pipeline to 2026-01-05 00:00:00+00:00, run_after=2026-01-06 00:00:00+00:00
[2026-01-05T21:51:52.243+0000] {processor.py:183} INFO - Processing /opt/airflow/dags/stock_trading_etl_pipeline.py took 0.098 seconds
[2026-01-05T21:53:03.565+0000] {processor.py:161} INFO - Started process (PID=329) to work on /opt/airflow/dags/stock_trading_etl_pipeline.py
[2026-01-05T21:53:03.567+0000] {processor.py:830} INFO - Processing file /opt/airflow/dags/stock_trading_etl_pipeline.py for tasks to queue
[2026-01-05T21:53:03.570+0000] {logging_mixin.py:188} INFO - [2026-01-05T21:53:03.570+0000] {dagbag.py:538} INFO - Filling up the DagBag from /opt/airflow/dags/stock_trading_etl_pipeline.py
[2026-01-05T21:53:03.638+0000] {processor.py:840} INFO - DAG(s) 'stock_trading_etl_pipeline' retrieved from /opt/airflow/dags/stock_trading_etl_pipeline.py
[2026-01-05T21:53:03.705+0000] {logging_mixin.py:188} INFO - [2026-01-05T21:53:03.705+0000] {dag.py:3036} INFO - Sync 1 DAGs
[2026-01-05T21:53:03.768+0000] {logging_mixin.py:188} INFO - [2026-01-05T21:53:03.768+0000] {dag.py:3823} INFO - Setting next_dagrun for stock_trading_etl_pipeline to 2026-01-05 00:00:00+00:00, run_after=2026-01-06 00:00:00+00:00
[2026-01-05T21:53:03.816+0000] {processor.py:183} INFO - Processing /opt/airflow/dags/stock_trading_etl_pipeline.py took 0.260 seconds
[2026-01-05T21:53:33.944+0000] {processor.py:161} INFO - Started process (PID=334) to work on /opt/airflow/dags/stock_trading_etl_pipeline.py
[2026-01-05T21:53:33.946+0000] {processor.py:830} INFO - Processing file /opt/airflow/dags/stock_trading_etl_pipeline.py for tasks to queue
[2026-01-05T21:53:33.947+0000] {logging_mixin.py:188} INFO - [2026-01-05T21:53:33.947+0000] {dagbag.py:538} INFO - Filling up the DagBag from /opt/airflow/dags/stock_trading_etl_pipeline.py
[2026-01-05T21:53:33.970+0000] {processor.py:840} INFO - DAG(s) 'stock_trading_etl_pipeline' retrieved from /opt/airflow/dags/stock_trading_etl_pipeline.py
[2026-01-05T21:53:34.016+0000] {logging_mixin.py:188} INFO - [2026-01-05T21:53:34.016+0000] {dag.py:3036} INFO - Sync 1 DAGs
[2026-01-05T21:53:34.054+0000] {logging_mixin.py:188} INFO - [2026-01-05T21:53:34.054+0000] {dag.py:3823} INFO - Setting next_dagrun for stock_trading_etl_pipeline to 2026-01-05 00:00:00+00:00, run_after=2026-01-06 00:00:00+00:00
[2026-01-05T21:53:34.085+0000] {processor.py:183} INFO - Processing /opt/airflow/dags/stock_trading_etl_pipeline.py took 0.144 seconds
[2026-01-05T21:54:04.401+0000] {processor.py:161} INFO - Started process (PID=339) to work on /opt/airflow/dags/stock_trading_etl_pipeline.py
[2026-01-05T21:54:04.403+0000] {processor.py:830} INFO - Processing file /opt/airflow/dags/stock_trading_etl_pipeline.py for tasks to queue
[2026-01-05T21:54:04.405+0000] {logging_mixin.py:188} INFO - [2026-01-05T21:54:04.404+0000] {dagbag.py:538} INFO - Filling up the DagBag from /opt/airflow/dags/stock_trading_etl_pipeline.py
[2026-01-05T21:54:04.455+0000] {processor.py:840} INFO - DAG(s) 'stock_trading_etl_pipeline' retrieved from /opt/airflow/dags/stock_trading_etl_pipeline.py
[2026-01-05T21:54:04.499+0000] {logging_mixin.py:188} INFO - [2026-01-05T21:54:04.499+0000] {dag.py:3036} INFO - Sync 1 DAGs
[2026-01-05T21:54:04.524+0000] {logging_mixin.py:188} INFO - [2026-01-05T21:54:04.523+0000] {dag.py:3823} INFO - Setting next_dagrun for stock_trading_etl_pipeline to 2026-01-05 00:00:00+00:00, run_after=2026-01-06 00:00:00+00:00
[2026-01-05T21:54:04.551+0000] {processor.py:183} INFO - Processing /opt/airflow/dags/stock_trading_etl_pipeline.py took 0.153 seconds
[2026-01-05T21:54:34.747+0000] {processor.py:161} INFO - Started process (PID=344) to work on /opt/airflow/dags/stock_trading_etl_pipeline.py
[2026-01-05T21:54:34.749+0000] {processor.py:830} INFO - Processing file /opt/airflow/dags/stock_trading_etl_pipeline.py for tasks to queue
[2026-01-05T21:54:34.751+0000] {logging_mixin.py:188} INFO - [2026-01-05T21:54:34.750+0000] {dagbag.py:538} INFO - Filling up the DagBag from /opt/airflow/dags/stock_trading_etl_pipeline.py
[2026-01-05T21:54:34.806+0000] {processor.py:840} INFO - DAG(s) 'stock_trading_etl_pipeline' retrieved from /opt/airflow/dags/stock_trading_etl_pipeline.py
[2026-01-05T21:54:34.841+0000] {logging_mixin.py:188} INFO - [2026-01-05T21:54:34.841+0000] {dag.py:3036} INFO - Sync 1 DAGs
[2026-01-05T21:54:34.866+0000] {logging_mixin.py:188} INFO - [2026-01-05T21:54:34.866+0000] {dag.py:3823} INFO - Setting next_dagrun for stock_trading_etl_pipeline to 2026-01-05 00:00:00+00:00, run_after=2026-01-06 00:00:00+00:00
[2026-01-05T21:54:34.889+0000] {processor.py:183} INFO - Processing /opt/airflow/dags/stock_trading_etl_pipeline.py took 0.146 seconds
[2026-01-05T21:55:05.080+0000] {processor.py:161} INFO - Started process (PID=349) to work on /opt/airflow/dags/stock_trading_etl_pipeline.py
[2026-01-05T21:55:05.082+0000] {processor.py:830} INFO - Processing file /opt/airflow/dags/stock_trading_etl_pipeline.py for tasks to queue
[2026-01-05T21:55:05.084+0000] {logging_mixin.py:188} INFO - [2026-01-05T21:55:05.083+0000] {dagbag.py:538} INFO - Filling up the DagBag from /opt/airflow/dags/stock_trading_etl_pipeline.py
[2026-01-05T21:55:05.119+0000] {processor.py:840} INFO - DAG(s) 'stock_trading_etl_pipeline' retrieved from /opt/airflow/dags/stock_trading_etl_pipeline.py
[2026-01-05T21:55:05.155+0000] {logging_mixin.py:188} INFO - [2026-01-05T21:55:05.155+0000] {dag.py:3036} INFO - Sync 1 DAGs
[2026-01-05T21:55:05.183+0000] {logging_mixin.py:188} INFO - [2026-01-05T21:55:05.183+0000] {dag.py:3823} INFO - Setting next_dagrun for stock_trading_etl_pipeline to 2026-01-05 00:00:00+00:00, run_after=2026-01-06 00:00:00+00:00
[2026-01-05T21:55:05.206+0000] {processor.py:183} INFO - Processing /opt/airflow/dags/stock_trading_etl_pipeline.py took 0.129 seconds
[2026-01-05T21:55:35.463+0000] {processor.py:161} INFO - Started process (PID=354) to work on /opt/airflow/dags/stock_trading_etl_pipeline.py
[2026-01-05T21:55:35.465+0000] {processor.py:830} INFO - Processing file /opt/airflow/dags/stock_trading_etl_pipeline.py for tasks to queue
[2026-01-05T21:55:35.467+0000] {logging_mixin.py:188} INFO - [2026-01-05T21:55:35.466+0000] {dagbag.py:538} INFO - Filling up the DagBag from /opt/airflow/dags/stock_trading_etl_pipeline.py
[2026-01-05T21:55:35.512+0000] {processor.py:840} INFO - DAG(s) 'stock_trading_etl_pipeline' retrieved from /opt/airflow/dags/stock_trading_etl_pipeline.py
[2026-01-05T21:55:35.538+0000] {logging_mixin.py:188} INFO - [2026-01-05T21:55:35.538+0000] {dag.py:3036} INFO - Sync 1 DAGs
[2026-01-05T21:55:35.557+0000] {logging_mixin.py:188} INFO - [2026-01-05T21:55:35.557+0000] {dag.py:3823} INFO - Setting next_dagrun for stock_trading_etl_pipeline to 2026-01-05 00:00:00+00:00, run_after=2026-01-06 00:00:00+00:00
[2026-01-05T21:55:35.589+0000] {processor.py:183} INFO - Processing /opt/airflow/dags/stock_trading_etl_pipeline.py took 0.130 seconds
[2026-01-05T21:56:05.786+0000] {processor.py:161} INFO - Started process (PID=359) to work on /opt/airflow/dags/stock_trading_etl_pipeline.py
[2026-01-05T21:56:05.789+0000] {processor.py:830} INFO - Processing file /opt/airflow/dags/stock_trading_etl_pipeline.py for tasks to queue
[2026-01-05T21:56:05.791+0000] {logging_mixin.py:188} INFO - [2026-01-05T21:56:05.790+0000] {dagbag.py:538} INFO - Filling up the DagBag from /opt/airflow/dags/stock_trading_etl_pipeline.py
[2026-01-05T21:56:05.848+0000] {processor.py:840} INFO - DAG(s) 'stock_trading_etl_pipeline' retrieved from /opt/airflow/dags/stock_trading_etl_pipeline.py
[2026-01-05T21:56:05.896+0000] {logging_mixin.py:188} INFO - [2026-01-05T21:56:05.895+0000] {dag.py:3036} INFO - Sync 1 DAGs
[2026-01-05T21:56:05.918+0000] {logging_mixin.py:188} INFO - [2026-01-05T21:56:05.917+0000] {dag.py:3823} INFO - Setting next_dagrun for stock_trading_etl_pipeline to 2026-01-05 00:00:00+00:00, run_after=2026-01-06 00:00:00+00:00
[2026-01-05T21:56:05.946+0000] {processor.py:183} INFO - Processing /opt/airflow/dags/stock_trading_etl_pipeline.py took 0.165 seconds
[2026-01-05T21:56:36.165+0000] {processor.py:161} INFO - Started process (PID=364) to work on /opt/airflow/dags/stock_trading_etl_pipeline.py
[2026-01-05T21:56:36.166+0000] {processor.py:830} INFO - Processing file /opt/airflow/dags/stock_trading_etl_pipeline.py for tasks to queue
[2026-01-05T21:56:36.168+0000] {logging_mixin.py:188} INFO - [2026-01-05T21:56:36.168+0000] {dagbag.py:538} INFO - Filling up the DagBag from /opt/airflow/dags/stock_trading_etl_pipeline.py
[2026-01-05T21:56:36.195+0000] {processor.py:840} INFO - DAG(s) 'stock_trading_etl_pipeline' retrieved from /opt/airflow/dags/stock_trading_etl_pipeline.py
[2026-01-05T21:56:36.220+0000] {logging_mixin.py:188} INFO - [2026-01-05T21:56:36.220+0000] {dag.py:3036} INFO - Sync 1 DAGs
[2026-01-05T21:56:36.240+0000] {logging_mixin.py:188} INFO - [2026-01-05T21:56:36.239+0000] {dag.py:3823} INFO - Setting next_dagrun for stock_trading_etl_pipeline to 2026-01-05 00:00:00+00:00, run_after=2026-01-06 00:00:00+00:00
[2026-01-05T21:56:36.266+0000] {processor.py:183} INFO - Processing /opt/airflow/dags/stock_trading_etl_pipeline.py took 0.104 seconds
[2026-01-05T21:57:06.478+0000] {processor.py:161} INFO - Started process (PID=369) to work on /opt/airflow/dags/stock_trading_etl_pipeline.py
[2026-01-05T21:57:06.481+0000] {processor.py:830} INFO - Processing file /opt/airflow/dags/stock_trading_etl_pipeline.py for tasks to queue
[2026-01-05T21:57:06.485+0000] {logging_mixin.py:188} INFO - [2026-01-05T21:57:06.484+0000] {dagbag.py:538} INFO - Filling up the DagBag from /opt/airflow/dags/stock_trading_etl_pipeline.py
[2026-01-05T21:57:06.514+0000] {processor.py:840} INFO - DAG(s) 'stock_trading_etl_pipeline' retrieved from /opt/airflow/dags/stock_trading_etl_pipeline.py
[2026-01-05T21:57:06.549+0000] {logging_mixin.py:188} INFO - [2026-01-05T21:57:06.549+0000] {dag.py:3036} INFO - Sync 1 DAGs
[2026-01-05T21:57:06.572+0000] {logging_mixin.py:188} INFO - [2026-01-05T21:57:06.572+0000] {dag.py:3823} INFO - Setting next_dagrun for stock_trading_etl_pipeline to 2026-01-05 00:00:00+00:00, run_after=2026-01-06 00:00:00+00:00
[2026-01-05T21:57:06.594+0000] {processor.py:183} INFO - Processing /opt/airflow/dags/stock_trading_etl_pipeline.py took 0.122 seconds
[2026-01-05T21:57:36.873+0000] {processor.py:161} INFO - Started process (PID=374) to work on /opt/airflow/dags/stock_trading_etl_pipeline.py
[2026-01-05T21:57:36.875+0000] {processor.py:830} INFO - Processing file /opt/airflow/dags/stock_trading_etl_pipeline.py for tasks to queue
[2026-01-05T21:57:36.877+0000] {logging_mixin.py:188} INFO - [2026-01-05T21:57:36.877+0000] {dagbag.py:538} INFO - Filling up the DagBag from /opt/airflow/dags/stock_trading_etl_pipeline.py
[2026-01-05T21:57:36.919+0000] {processor.py:840} INFO - DAG(s) 'stock_trading_etl_pipeline' retrieved from /opt/airflow/dags/stock_trading_etl_pipeline.py
[2026-01-05T21:57:36.950+0000] {logging_mixin.py:188} INFO - [2026-01-05T21:57:36.950+0000] {dag.py:3036} INFO - Sync 1 DAGs
[2026-01-05T21:57:36.980+0000] {logging_mixin.py:188} INFO - [2026-01-05T21:57:36.980+0000] {dag.py:3823} INFO - Setting next_dagrun for stock_trading_etl_pipeline to 2026-01-05 00:00:00+00:00, run_after=2026-01-06 00:00:00+00:00
[2026-01-05T21:57:37.026+0000] {processor.py:183} INFO - Processing /opt/airflow/dags/stock_trading_etl_pipeline.py took 0.157 seconds
[2026-01-05T21:58:07.170+0000] {processor.py:161} INFO - Started process (PID=379) to work on /opt/airflow/dags/stock_trading_etl_pipeline.py
[2026-01-05T21:58:07.172+0000] {processor.py:830} INFO - Processing file /opt/airflow/dags/stock_trading_etl_pipeline.py for tasks to queue
[2026-01-05T21:58:07.174+0000] {logging_mixin.py:188} INFO - [2026-01-05T21:58:07.173+0000] {dagbag.py:538} INFO - Filling up the DagBag from /opt/airflow/dags/stock_trading_etl_pipeline.py
[2026-01-05T21:58:07.217+0000] {processor.py:840} INFO - DAG(s) 'stock_trading_etl_pipeline' retrieved from /opt/airflow/dags/stock_trading_etl_pipeline.py
[2026-01-05T21:58:07.248+0000] {logging_mixin.py:188} INFO - [2026-01-05T21:58:07.248+0000] {dag.py:3036} INFO - Sync 1 DAGs
[2026-01-05T21:58:07.269+0000] {logging_mixin.py:188} INFO - [2026-01-05T21:58:07.269+0000] {dag.py:3823} INFO - Setting next_dagrun for stock_trading_etl_pipeline to 2026-01-05 00:00:00+00:00, run_after=2026-01-06 00:00:00+00:00
[2026-01-05T21:58:07.302+0000] {processor.py:183} INFO - Processing /opt/airflow/dags/stock_trading_etl_pipeline.py took 0.135 seconds
[2026-01-05T21:58:37.468+0000] {processor.py:161} INFO - Started process (PID=384) to work on /opt/airflow/dags/stock_trading_etl_pipeline.py
[2026-01-05T21:58:37.470+0000] {processor.py:830} INFO - Processing file /opt/airflow/dags/stock_trading_etl_pipeline.py for tasks to queue
[2026-01-05T21:58:37.472+0000] {logging_mixin.py:188} INFO - [2026-01-05T21:58:37.471+0000] {dagbag.py:538} INFO - Filling up the DagBag from /opt/airflow/dags/stock_trading_etl_pipeline.py
[2026-01-05T21:58:37.523+0000] {processor.py:840} INFO - DAG(s) 'stock_trading_etl_pipeline' retrieved from /opt/airflow/dags/stock_trading_etl_pipeline.py
[2026-01-05T21:58:37.549+0000] {logging_mixin.py:188} INFO - [2026-01-05T21:58:37.548+0000] {dag.py:3036} INFO - Sync 1 DAGs
[2026-01-05T21:58:37.568+0000] {logging_mixin.py:188} INFO - [2026-01-05T21:58:37.567+0000] {dag.py:3823} INFO - Setting next_dagrun for stock_trading_etl_pipeline to 2026-01-05 00:00:00+00:00, run_after=2026-01-06 00:00:00+00:00
[2026-01-05T21:58:37.597+0000] {processor.py:183} INFO - Processing /opt/airflow/dags/stock_trading_etl_pipeline.py took 0.131 seconds
[2026-01-05T21:59:07.898+0000] {processor.py:161} INFO - Started process (PID=389) to work on /opt/airflow/dags/stock_trading_etl_pipeline.py
[2026-01-05T21:59:07.900+0000] {processor.py:830} INFO - Processing file /opt/airflow/dags/stock_trading_etl_pipeline.py for tasks to queue
[2026-01-05T21:59:07.902+0000] {logging_mixin.py:188} INFO - [2026-01-05T21:59:07.902+0000] {dagbag.py:538} INFO - Filling up the DagBag from /opt/airflow/dags/stock_trading_etl_pipeline.py
[2026-01-05T21:59:07.962+0000] {processor.py:840} INFO - DAG(s) 'stock_trading_etl_pipeline' retrieved from /opt/airflow/dags/stock_trading_etl_pipeline.py
[2026-01-05T21:59:08.000+0000] {logging_mixin.py:188} INFO - [2026-01-05T21:59:08.000+0000] {dag.py:3036} INFO - Sync 1 DAGs
[2026-01-05T21:59:08.021+0000] {logging_mixin.py:188} INFO - [2026-01-05T21:59:08.021+0000] {dag.py:3823} INFO - Setting next_dagrun for stock_trading_etl_pipeline to 2026-01-05 00:00:00+00:00, run_after=2026-01-06 00:00:00+00:00
[2026-01-05T21:59:08.043+0000] {processor.py:183} INFO - Processing /opt/airflow/dags/stock_trading_etl_pipeline.py took 0.149 seconds
[2026-01-05T21:59:38.323+0000] {processor.py:161} INFO - Started process (PID=394) to work on /opt/airflow/dags/stock_trading_etl_pipeline.py
[2026-01-05T21:59:38.325+0000] {processor.py:830} INFO - Processing file /opt/airflow/dags/stock_trading_etl_pipeline.py for tasks to queue
[2026-01-05T21:59:38.327+0000] {logging_mixin.py:188} INFO - [2026-01-05T21:59:38.326+0000] {dagbag.py:538} INFO - Filling up the DagBag from /opt/airflow/dags/stock_trading_etl_pipeline.py
[2026-01-05T21:59:38.371+0000] {processor.py:840} INFO - DAG(s) 'stock_trading_etl_pipeline' retrieved from /opt/airflow/dags/stock_trading_etl_pipeline.py
[2026-01-05T21:59:38.396+0000] {logging_mixin.py:188} INFO - [2026-01-05T21:59:38.396+0000] {dag.py:3036} INFO - Sync 1 DAGs
[2026-01-05T21:59:38.415+0000] {logging_mixin.py:188} INFO - [2026-01-05T21:59:38.415+0000] {dag.py:3823} INFO - Setting next_dagrun for stock_trading_etl_pipeline to 2026-01-05 00:00:00+00:00, run_after=2026-01-06 00:00:00+00:00
[2026-01-05T21:59:38.445+0000] {processor.py:183} INFO - Processing /opt/airflow/dags/stock_trading_etl_pipeline.py took 0.125 seconds
[2026-01-05T22:00:08.631+0000] {processor.py:161} INFO - Started process (PID=399) to work on /opt/airflow/dags/stock_trading_etl_pipeline.py
[2026-01-05T22:00:08.632+0000] {processor.py:830} INFO - Processing file /opt/airflow/dags/stock_trading_etl_pipeline.py for tasks to queue
[2026-01-05T22:00:08.634+0000] {logging_mixin.py:188} INFO - [2026-01-05T22:00:08.634+0000] {dagbag.py:538} INFO - Filling up the DagBag from /opt/airflow/dags/stock_trading_etl_pipeline.py
[2026-01-05T22:00:08.676+0000] {processor.py:840} INFO - DAG(s) 'stock_trading_etl_pipeline' retrieved from /opt/airflow/dags/stock_trading_etl_pipeline.py
[2026-01-05T22:00:08.711+0000] {logging_mixin.py:188} INFO - [2026-01-05T22:00:08.711+0000] {dag.py:3036} INFO - Sync 1 DAGs
[2026-01-05T22:00:08.734+0000] {logging_mixin.py:188} INFO - [2026-01-05T22:00:08.734+0000] {dag.py:3823} INFO - Setting next_dagrun for stock_trading_etl_pipeline to 2026-01-05 00:00:00+00:00, run_after=2026-01-06 00:00:00+00:00
[2026-01-05T22:00:08.765+0000] {processor.py:183} INFO - Processing /opt/airflow/dags/stock_trading_etl_pipeline.py took 0.138 seconds
[2026-01-05T22:00:39.046+0000] {processor.py:161} INFO - Started process (PID=404) to work on /opt/airflow/dags/stock_trading_etl_pipeline.py
[2026-01-05T22:00:39.048+0000] {processor.py:830} INFO - Processing file /opt/airflow/dags/stock_trading_etl_pipeline.py for tasks to queue
[2026-01-05T22:00:39.050+0000] {logging_mixin.py:188} INFO - [2026-01-05T22:00:39.049+0000] {dagbag.py:538} INFO - Filling up the DagBag from /opt/airflow/dags/stock_trading_etl_pipeline.py
[2026-01-05T22:00:39.084+0000] {processor.py:840} INFO - DAG(s) 'stock_trading_etl_pipeline' retrieved from /opt/airflow/dags/stock_trading_etl_pipeline.py
[2026-01-05T22:00:39.136+0000] {logging_mixin.py:188} INFO - [2026-01-05T22:00:39.135+0000] {dag.py:3036} INFO - Sync 1 DAGs
[2026-01-05T22:00:39.173+0000] {logging_mixin.py:188} INFO - [2026-01-05T22:00:39.173+0000] {dag.py:3823} INFO - Setting next_dagrun for stock_trading_etl_pipeline to 2026-01-05 00:00:00+00:00, run_after=2026-01-06 00:00:00+00:00
[2026-01-05T22:00:39.212+0000] {processor.py:183} INFO - Processing /opt/airflow/dags/stock_trading_etl_pipeline.py took 0.169 seconds
[2026-01-05T22:01:09.370+0000] {processor.py:161} INFO - Started process (PID=409) to work on /opt/airflow/dags/stock_trading_etl_pipeline.py
[2026-01-05T22:01:09.372+0000] {processor.py:830} INFO - Processing file /opt/airflow/dags/stock_trading_etl_pipeline.py for tasks to queue
[2026-01-05T22:01:09.374+0000] {logging_mixin.py:188} INFO - [2026-01-05T22:01:09.373+0000] {dagbag.py:538} INFO - Filling up the DagBag from /opt/airflow/dags/stock_trading_etl_pipeline.py
[2026-01-05T22:01:09.409+0000] {processor.py:840} INFO - DAG(s) 'stock_trading_etl_pipeline' retrieved from /opt/airflow/dags/stock_trading_etl_pipeline.py
[2026-01-05T22:01:09.437+0000] {logging_mixin.py:188} INFO - [2026-01-05T22:01:09.437+0000] {dag.py:3036} INFO - Sync 1 DAGs
[2026-01-05T22:01:09.457+0000] {logging_mixin.py:188} INFO - [2026-01-05T22:01:09.457+0000] {dag.py:3823} INFO - Setting next_dagrun for stock_trading_etl_pipeline to 2026-01-05 00:00:00+00:00, run_after=2026-01-06 00:00:00+00:00
[2026-01-05T22:01:09.486+0000] {processor.py:183} INFO - Processing /opt/airflow/dags/stock_trading_etl_pipeline.py took 0.119 seconds
[2026-01-05T22:01:39.806+0000] {processor.py:161} INFO - Started process (PID=414) to work on /opt/airflow/dags/stock_trading_etl_pipeline.py
[2026-01-05T22:01:39.807+0000] {processor.py:830} INFO - Processing file /opt/airflow/dags/stock_trading_etl_pipeline.py for tasks to queue
[2026-01-05T22:01:39.809+0000] {logging_mixin.py:188} INFO - [2026-01-05T22:01:39.809+0000] {dagbag.py:538} INFO - Filling up the DagBag from /opt/airflow/dags/stock_trading_etl_pipeline.py
[2026-01-05T22:01:39.847+0000] {processor.py:840} INFO - DAG(s) 'stock_trading_etl_pipeline' retrieved from /opt/airflow/dags/stock_trading_etl_pipeline.py
[2026-01-05T22:01:39.876+0000] {logging_mixin.py:188} INFO - [2026-01-05T22:01:39.876+0000] {dag.py:3036} INFO - Sync 1 DAGs
[2026-01-05T22:01:39.895+0000] {logging_mixin.py:188} INFO - [2026-01-05T22:01:39.895+0000] {dag.py:3823} INFO - Setting next_dagrun for stock_trading_etl_pipeline to 2026-01-05 00:00:00+00:00, run_after=2026-01-06 00:00:00+00:00
[2026-01-05T22:01:39.922+0000] {processor.py:183} INFO - Processing /opt/airflow/dags/stock_trading_etl_pipeline.py took 0.119 seconds
[2026-01-05T22:02:10.131+0000] {processor.py:161} INFO - Started process (PID=419) to work on /opt/airflow/dags/stock_trading_etl_pipeline.py
[2026-01-05T22:02:10.136+0000] {processor.py:830} INFO - Processing file /opt/airflow/dags/stock_trading_etl_pipeline.py for tasks to queue
[2026-01-05T22:02:10.179+0000] {logging_mixin.py:188} INFO - [2026-01-05T22:02:10.178+0000] {dagbag.py:538} INFO - Filling up the DagBag from /opt/airflow/dags/stock_trading_etl_pipeline.py
[2026-01-05T22:02:10.221+0000] {processor.py:840} INFO - DAG(s) 'stock_trading_etl_pipeline' retrieved from /opt/airflow/dags/stock_trading_etl_pipeline.py
[2026-01-05T22:02:10.263+0000] {logging_mixin.py:188} INFO - [2026-01-05T22:02:10.263+0000] {dag.py:3036} INFO - Sync 1 DAGs
[2026-01-05T22:02:10.291+0000] {logging_mixin.py:188} INFO - [2026-01-05T22:02:10.290+0000] {dag.py:3823} INFO - Setting next_dagrun for stock_trading_etl_pipeline to 2026-01-05 00:00:00+00:00, run_after=2026-01-06 00:00:00+00:00
[2026-01-05T22:02:10.316+0000] {processor.py:183} INFO - Processing /opt/airflow/dags/stock_trading_etl_pipeline.py took 0.190 seconds
