[2026-01-05T21:38:34.681+0000] {taskinstance.py:1956} INFO - Dependencies all met for dep_context=non-requeueable deps ti=<TaskInstance: stock_trading_etl_pipeline.silver_layer scheduled__2026-01-04T00:00:00+00:00 [queued]>
[2026-01-05T21:38:34.689+0000] {taskinstance.py:1956} INFO - Dependencies all met for dep_context=requeueable deps ti=<TaskInstance: stock_trading_etl_pipeline.silver_layer scheduled__2026-01-04T00:00:00+00:00 [queued]>
[2026-01-05T21:38:34.691+0000] {taskinstance.py:2170} INFO - Starting attempt 1 of 2
[2026-01-05T21:38:34.704+0000] {taskinstance.py:2191} INFO - Executing <Task(DatabricksRunNowOperator): silver_layer> on 2026-01-04 00:00:00+00:00
[2026-01-05T21:38:34.708+0000] {standard_task_runner.py:60} INFO - Started process 190 to run task
[2026-01-05T21:38:34.711+0000] {standard_task_runner.py:87} INFO - Running: ['***', 'tasks', 'run', 'stock_trading_etl_pipeline', 'silver_layer', 'scheduled__2026-01-04T00:00:00+00:00', '--job-id', '5', '--raw', '--subdir', 'DAGS_FOLDER/stock_trading_etl_pipeline.py', '--cfg-path', '/tmp/tmpzdzep2sh']
[2026-01-05T21:38:34.714+0000] {standard_task_runner.py:88} INFO - Job 5: Subtask silver_layer
[2026-01-05T21:38:34.781+0000] {task_command.py:423} INFO - Running <TaskInstance: stock_trading_etl_pipeline.silver_layer scheduled__2026-01-04T00:00:00+00:00 [running]> on host c0c900311e4b
[2026-01-05T21:38:34.849+0000] {taskinstance.py:2480} INFO - Exporting env vars: AIRFLOW_CTX_DAG_OWNER='***' AIRFLOW_CTX_DAG_ID='stock_trading_etl_pipeline' AIRFLOW_CTX_TASK_ID='silver_layer' AIRFLOW_CTX_EXECUTION_DATE='2026-01-04T00:00:00+00:00' AIRFLOW_CTX_TRY_NUMBER='1' AIRFLOW_CTX_DAG_RUN_ID='scheduled__2026-01-04T00:00:00+00:00'
[2026-01-05T21:38:34.857+0000] {base.py:83} INFO - Using connection ID 'databricks_default' for task execution.
[2026-01-05T21:38:34.859+0000] {databricks_base.py:461} INFO - Using token auth. For security reasons, please set token in Password field instead of extra
[2026-01-05T21:38:36.255+0000] {databricks.py:66} INFO - Run submitted with run_id: 834633414402368
[2026-01-05T21:38:36.257+0000] {databricks_base.py:461} INFO - Using token auth. For security reasons, please set token in Password field instead of extra
[2026-01-05T21:38:37.345+0000] {databricks_base.py:461} INFO - Using token auth. For security reasons, please set token in Password field instead of extra
[2026-01-05T21:38:38.552+0000] {databricks.py:128} INFO - silver_layer in run state: {'life_cycle_state': 'RUNNING', 'result_state': '', 'state_message': ''}
[2026-01-05T21:38:38.554+0000] {databricks.py:129} INFO - View run status, Spark UI, and logs at https://dbc-10aef91b-b57e.cloud.databricks.com/?o=1513158629236595#job/208968229385909/run/834633414402368
[2026-01-05T21:38:38.556+0000] {databricks.py:130} INFO - Sleeping for 30 seconds.
[2026-01-05T21:39:08.582+0000] {databricks_base.py:461} INFO - Using token auth. For security reasons, please set token in Password field instead of extra
[2026-01-05T21:39:09.921+0000] {databricks.py:128} INFO - silver_layer in run state: {'life_cycle_state': 'RUNNING', 'result_state': '', 'state_message': ''}
[2026-01-05T21:39:09.923+0000] {databricks.py:129} INFO - View run status, Spark UI, and logs at https://dbc-10aef91b-b57e.cloud.databricks.com/?o=1513158629236595#job/208968229385909/run/834633414402368
[2026-01-05T21:39:09.925+0000] {databricks.py:130} INFO - Sleeping for 30 seconds.
[2026-01-05T21:39:39.955+0000] {databricks_base.py:461} INFO - Using token auth. For security reasons, please set token in Password field instead of extra
[2026-01-05T21:39:41.119+0000] {databricks.py:128} INFO - silver_layer in run state: {'life_cycle_state': 'RUNNING', 'result_state': '', 'state_message': ''}
[2026-01-05T21:39:41.120+0000] {databricks.py:129} INFO - View run status, Spark UI, and logs at https://dbc-10aef91b-b57e.cloud.databricks.com/?o=1513158629236595#job/208968229385909/run/834633414402368
[2026-01-05T21:39:41.121+0000] {databricks.py:130} INFO - Sleeping for 30 seconds.
[2026-01-05T21:40:11.123+0000] {databricks_base.py:461} INFO - Using token auth. For security reasons, please set token in Password field instead of extra
[2026-01-05T21:40:12.143+0000] {databricks.py:77} INFO - silver_layer completed successfully.
[2026-01-05T21:40:12.145+0000] {databricks.py:78} INFO - View run status, Spark UI, and logs at https://dbc-10aef91b-b57e.cloud.databricks.com/?o=1513158629236595#job/208968229385909/run/834633414402368
[2026-01-05T21:40:12.160+0000] {taskinstance.py:1138} INFO - Marking task as SUCCESS. dag_id=stock_trading_etl_pipeline, task_id=silver_layer, execution_date=20260104T000000, start_date=20260105T213834, end_date=20260105T214012
[2026-01-05T21:40:12.285+0000] {local_task_job_runner.py:234} INFO - Task exited with return code 0
[2026-01-05T21:40:12.308+0000] {taskinstance.py:3280} INFO - 1 downstream tasks scheduled from follow-on schedule check
