[2026-01-05T21:36:25.554+0000] {taskinstance.py:1956} INFO - Dependencies all met for dep_context=non-requeueable deps ti=<TaskInstance: stock_trading_etl_pipeline.bronze_layer scheduled__2026-01-04T00:00:00+00:00 [queued]>
[2026-01-05T21:36:25.563+0000] {taskinstance.py:1956} INFO - Dependencies all met for dep_context=requeueable deps ti=<TaskInstance: stock_trading_etl_pipeline.bronze_layer scheduled__2026-01-04T00:00:00+00:00 [queued]>
[2026-01-05T21:36:25.564+0000] {taskinstance.py:2170} INFO - Starting attempt 1 of 2
[2026-01-05T21:36:25.578+0000] {taskinstance.py:2191} INFO - Executing <Task(DatabricksRunNowOperator): bronze_layer> on 2026-01-04 00:00:00+00:00
[2026-01-05T21:36:25.584+0000] {standard_task_runner.py:60} INFO - Started process 187 to run task
[2026-01-05T21:36:25.589+0000] {standard_task_runner.py:87} INFO - Running: ['***', 'tasks', 'run', 'stock_trading_etl_pipeline', 'bronze_layer', 'scheduled__2026-01-04T00:00:00+00:00', '--job-id', '4', '--raw', '--subdir', 'DAGS_FOLDER/stock_trading_etl_pipeline.py', '--cfg-path', '/tmp/tmpasoslkp3']
[2026-01-05T21:36:25.592+0000] {standard_task_runner.py:88} INFO - Job 4: Subtask bronze_layer
[2026-01-05T21:36:25.676+0000] {task_command.py:423} INFO - Running <TaskInstance: stock_trading_etl_pipeline.bronze_layer scheduled__2026-01-04T00:00:00+00:00 [running]> on host c0c900311e4b
[2026-01-05T21:36:25.763+0000] {taskinstance.py:2480} INFO - Exporting env vars: AIRFLOW_CTX_DAG_OWNER='***' AIRFLOW_CTX_DAG_ID='stock_trading_etl_pipeline' AIRFLOW_CTX_TASK_ID='bronze_layer' AIRFLOW_CTX_EXECUTION_DATE='2026-01-04T00:00:00+00:00' AIRFLOW_CTX_TRY_NUMBER='1' AIRFLOW_CTX_DAG_RUN_ID='scheduled__2026-01-04T00:00:00+00:00'
[2026-01-05T21:36:25.772+0000] {base.py:83} INFO - Using connection ID 'databricks_default' for task execution.
[2026-01-05T21:36:25.775+0000] {databricks_base.py:461} INFO - Using token auth. For security reasons, please set token in Password field instead of extra
[2026-01-05T21:36:27.417+0000] {databricks.py:66} INFO - Run submitted with run_id: 567648043603343
[2026-01-05T21:36:27.422+0000] {databricks_base.py:461} INFO - Using token auth. For security reasons, please set token in Password field instead of extra
[2026-01-05T21:36:28.557+0000] {databricks_base.py:461} INFO - Using token auth. For security reasons, please set token in Password field instead of extra
[2026-01-05T21:36:29.655+0000] {databricks.py:128} INFO - bronze_layer in run state: {'life_cycle_state': 'RUNNING', 'result_state': '', 'state_message': ''}
[2026-01-05T21:36:29.660+0000] {databricks.py:129} INFO - View run status, Spark UI, and logs at https://dbc-10aef91b-b57e.cloud.databricks.com/?o=1513158629236595#job/505837511055464/run/567648043603343
[2026-01-05T21:36:29.661+0000] {databricks.py:130} INFO - Sleeping for 30 seconds.
[2026-01-05T21:36:59.691+0000] {databricks_base.py:461} INFO - Using token auth. For security reasons, please set token in Password field instead of extra
[2026-01-05T21:37:00.793+0000] {databricks.py:128} INFO - bronze_layer in run state: {'life_cycle_state': 'RUNNING', 'result_state': '', 'state_message': ''}
[2026-01-05T21:37:00.794+0000] {databricks.py:129} INFO - View run status, Spark UI, and logs at https://dbc-10aef91b-b57e.cloud.databricks.com/?o=1513158629236595#job/505837511055464/run/567648043603343
[2026-01-05T21:37:00.794+0000] {databricks.py:130} INFO - Sleeping for 30 seconds.
[2026-01-05T21:37:30.812+0000] {databricks_base.py:461} INFO - Using token auth. For security reasons, please set token in Password field instead of extra
[2026-01-05T21:37:31.992+0000] {databricks.py:128} INFO - bronze_layer in run state: {'life_cycle_state': 'RUNNING', 'result_state': '', 'state_message': ''}
[2026-01-05T21:37:31.994+0000] {databricks.py:129} INFO - View run status, Spark UI, and logs at https://dbc-10aef91b-b57e.cloud.databricks.com/?o=1513158629236595#job/505837511055464/run/567648043603343
[2026-01-05T21:37:31.994+0000] {databricks.py:130} INFO - Sleeping for 30 seconds.
[2026-01-05T21:38:02.035+0000] {databricks_base.py:461} INFO - Using token auth. For security reasons, please set token in Password field instead of extra
[2026-01-05T21:38:03.144+0000] {databricks.py:128} INFO - bronze_layer in run state: {'life_cycle_state': 'RUNNING', 'result_state': '', 'state_message': ''}
[2026-01-05T21:38:03.145+0000] {databricks.py:129} INFO - View run status, Spark UI, and logs at https://dbc-10aef91b-b57e.cloud.databricks.com/?o=1513158629236595#job/505837511055464/run/567648043603343
[2026-01-05T21:38:03.146+0000] {databricks.py:130} INFO - Sleeping for 30 seconds.
[2026-01-05T21:38:33.175+0000] {databricks_base.py:461} INFO - Using token auth. For security reasons, please set token in Password field instead of extra
[2026-01-05T21:38:34.268+0000] {databricks.py:77} INFO - bronze_layer completed successfully.
[2026-01-05T21:38:34.270+0000] {databricks.py:78} INFO - View run status, Spark UI, and logs at https://dbc-10aef91b-b57e.cloud.databricks.com/?o=1513158629236595#job/505837511055464/run/567648043603343
[2026-01-05T21:38:34.283+0000] {taskinstance.py:1138} INFO - Marking task as SUCCESS. dag_id=stock_trading_etl_pipeline, task_id=bronze_layer, execution_date=20260104T000000, start_date=20260105T213625, end_date=20260105T213834
[2026-01-05T21:38:34.312+0000] {local_task_job_runner.py:234} INFO - Task exited with return code 0
[2026-01-05T21:38:34.341+0000] {taskinstance.py:3280} INFO - 1 downstream tasks scheduled from follow-on schedule check
